status file for recon-all
Wed Jan 10 00:06:59 UTC 2018
#@# MotionCor Wed Jan 10 00:07:07 UTC 2018
#@# Talairach Wed Jan 10 00:07:26 UTC 2018
#@# Talairach Failure Detection Wed Jan 10 00:11:11 UTC 2018
#@# Nu Intensity Correction Wed Jan 10 00:11:11 UTC 2018
#@# Intensity Normalization Wed Jan 10 00:16:01 UTC 2018
#@# Skull Stripping Wed Jan 10 00:21:19 UTC 2018
#@# EM Registration Wed Jan 10 01:17:35 UTC 2018
#@# CA Normalize Wed Jan 10 01:52:43 UTC 2018
#@# CA Reg Wed Jan 10 01:56:17 UTC 2018
#@# SubCort Seg Wed Jan 10 08:50:11 UTC 2018
#@# Merge ASeg Wed Jan 10 11:17:42 UTC 2018
#@# Intensity Normalization2 Wed Jan 10 11:17:42 UTC 2018
#@# Mask BFS Wed Jan 10 11:25:38 UTC 2018
#@# WM Segmentation Wed Jan 10 11:25:42 UTC 2018
#@# Fill Wed Jan 10 11:30:39 UTC 2018
#@# Tessellate lh Wed Jan 10 11:32:37 UTC 2018
#@# Tessellate rh Wed Jan 10 11:32:50 UTC 2018
#@# Smooth1 lh Wed Jan 10 11:33:04 UTC 2018
#@# Smooth1 rh Wed Jan 10 11:33:15 UTC 2018
#@# Inflation1 lh Wed Jan 10 11:33:26 UTC 2018
#@# Inflation1 rh Wed Jan 10 11:34:29 UTC 2018
#@# QSphere lh Wed Jan 10 11:35:32 UTC 2018
#@# QSphere rh Wed Jan 10 11:42:06 UTC 2018
#@# Fix Topology Copy lh Wed Jan 10 11:48:19 UTC 2018
#@# Fix Topology Copy rh Wed Jan 10 11:48:19 UTC 2018
#@# Fix Topology lh Wed Jan 10 11:48:20 UTC 2018
#@# Fix Topology rh Wed Jan 10 12:48:14 UTC 2018
#@# Make White Surf lh Wed Jan 10 13:51:30 UTC 2018
#@# Make White Surf rh Wed Jan 10 13:59:47 UTC 2018
#@# Smooth2 lh Wed Jan 10 14:07:57 UTC 2018
#@# Smooth2 rh Wed Jan 10 14:08:07 UTC 2018
#@# Inflation2 lh Wed Jan 10 14:08:17 UTC 2018
#@# Inflation2 rh Wed Jan 10 14:09:16 UTC 2018
#@# Curv .H and .K lh Wed Jan 10 14:10:12 UTC 2018
#@# Curv .H and .K rh Wed Jan 10 14:12:39 UTC 2018
#@# Curvature Stats lh Wed Jan 10 14:15:04 UTC 2018
#@# Curvature Stats rh Wed Jan 10 14:15:13 UTC 2018
#@# Sphere lh Wed Jan 10 14:15:19 UTC 2018
#@# Sphere rh Wed Jan 10 15:40:53 UTC 2018
#@# Surf Reg lh Wed Jan 10 17:05:26 UTC 2018
#@# Surf Reg rh Wed Jan 10 18:21:47 UTC 2018
#@# Jacobian white lh Wed Jan 10 19:48:41 UTC 2018
#@# Jacobian white rh Wed Jan 10 19:48:45 UTC 2018
#@# AvgCurv lh Wed Jan 10 19:48:49 UTC 2018
#@# AvgCurv rh Wed Jan 10 19:48:52 UTC 2018
#@# Cortical Parc lh Wed Jan 10 19:48:55 UTC 2018
#@# Cortical Parc rh Wed Jan 10 19:49:21 UTC 2018
#@# Make Pial Surf lh Wed Jan 10 19:49:46 UTC 2018
#@# Make Pial Surf rh Wed Jan 10 20:15:42 UTC 2018
#@# Surf Volume lh Wed Jan 10 20:42:49 UTC 2018
#@# Surf Volume rh Wed Jan 10 20:42:56 UTC 2018
#@# Cortical ribbon mask Wed Jan 10 20:43:02 UTC 2018
#@# Parcellation Stats lh Wed Jan 10 21:03:15 UTC 2018
#@# Parcellation Stats rh Wed Jan 10 21:05:39 UTC 2018
#@# Cortical Parc 2 lh Wed Jan 10 21:08:01 UTC 2018
#@# Cortical Parc 2 rh Wed Jan 10 21:08:31 UTC 2018
#@# Parcellation Stats 2 lh Wed Jan 10 21:09:01 UTC 2018
#@# Parcellation Stats 2 rh Wed Jan 10 21:10:13 UTC 2018
#@# Cortical Parc 3 lh Wed Jan 10 21:11:24 UTC 2018
#@# Cortical Parc 3 rh Wed Jan 10 21:11:47 UTC 2018
#@# Parcellation Stats 3 lh Wed Jan 10 21:12:11 UTC 2018
#@# Parcellation Stats 3 rh Wed Jan 10 21:13:17 UTC 2018
#@# WM/GM Contrast lh Wed Jan 10 21:14:24 UTC 2018
#@# WM/GM Contrast rh Wed Jan 10 21:14:34 UTC 2018
#@# Relabel Hypointensities Wed Jan 10 21:14:44 UTC 2018
#@# AParc-to-ASeg aparc Wed Jan 10 21:15:25 UTC 2018
#@# AParc-to-ASeg a2009s Wed Jan 10 21:25:38 UTC 2018
#@# AParc-to-ASeg DKTatlas Wed Jan 10 21:36:10 UTC 2018
#@# APas-to-ASeg Wed Jan 10 21:46:30 UTC 2018
#@# ASeg Stats Wed Jan 10 21:46:44 UTC 2018
#@# WMParc Wed Jan 10 21:53:31 UTC 2018
#@# BA_exvivo Labels lh Wed Jan 10 22:11:34 UTC 2018
#@# BA_exvivo Labels rh Wed Jan 10 22:19:05 UTC 2018
recon-all -s 3616 finished without error at Wed Jan 10 22:26:31 UTC 2018
