status file for recon-all
Sat Jan 13 22:08:23 UTC 2018
#@# MotionCor Sat Jan 13 22:08:28 UTC 2018
#@# Talairach Sat Jan 13 22:08:45 UTC 2018
#@# Talairach Failure Detection Sat Jan 13 22:13:23 UTC 2018
#@# Nu Intensity Correction Sat Jan 13 22:13:23 UTC 2018
#@# Intensity Normalization Sat Jan 13 22:18:17 UTC 2018
#@# Skull Stripping Sat Jan 13 22:23:53 UTC 2018
#@# EM Registration Sat Jan 13 23:07:07 UTC 2018
#@# CA Normalize Sat Jan 13 23:47:45 UTC 2018
#@# CA Reg Sat Jan 13 23:51:31 UTC 2018
#@# SubCort Seg Sun Jan 14 06:19:07 UTC 2018
#@# Merge ASeg Sun Jan 14 08:15:39 UTC 2018
#@# Intensity Normalization2 Sun Jan 14 08:15:39 UTC 2018
#@# Mask BFS Sun Jan 14 08:23:28 UTC 2018
#@# WM Segmentation Sun Jan 14 08:23:33 UTC 2018
#@# Fill Sun Jan 14 08:28:19 UTC 2018
#@# Tessellate lh Sun Jan 14 08:30:03 UTC 2018
#@# Tessellate rh Sun Jan 14 08:30:18 UTC 2018
#@# Smooth1 lh Sun Jan 14 08:30:31 UTC 2018
#@# Smooth1 rh Sun Jan 14 08:30:40 UTC 2018
#@# Inflation1 lh Sun Jan 14 08:30:50 UTC 2018
#@# Inflation1 rh Sun Jan 14 08:31:44 UTC 2018
#@# QSphere lh Sun Jan 14 08:32:43 UTC 2018
#@# QSphere rh Sun Jan 14 08:38:47 UTC 2018
#@# Fix Topology Copy lh Sun Jan 14 08:44:54 UTC 2018
#@# Fix Topology Copy rh Sun Jan 14 08:44:54 UTC 2018
#@# Fix Topology lh Sun Jan 14 08:44:54 UTC 2018
#@# Fix Topology rh Sun Jan 14 11:38:14 UTC 2018
#@# Make White Surf lh Sun Jan 14 14:08:44 UTC 2018
#@# Make White Surf rh Sun Jan 14 14:16:55 UTC 2018
#@# Smooth2 lh Sun Jan 14 14:25:14 UTC 2018
#@# Smooth2 rh Sun Jan 14 14:25:23 UTC 2018
#@# Inflation2 lh Sun Jan 14 14:25:32 UTC 2018
#@# Inflation2 rh Sun Jan 14 14:26:30 UTC 2018
#@# Curv .H and .K lh Sun Jan 14 14:27:28 UTC 2018
#@# Curv .H and .K rh Sun Jan 14 14:30:05 UTC 2018
#@# Curvature Stats lh Sun Jan 14 14:32:40 UTC 2018
#@# Curvature Stats rh Sun Jan 14 14:32:50 UTC 2018
#@# Sphere lh Sun Jan 14 14:32:56 UTC 2018
#@# Sphere rh Sun Jan 14 16:11:23 UTC 2018
#@# Surf Reg lh Sun Jan 14 17:25:15 UTC 2018
#@# Surf Reg rh Sun Jan 14 18:26:10 UTC 2018
#@# Jacobian white lh Sun Jan 14 19:30:19 UTC 2018
#@# Jacobian white rh Sun Jan 14 19:30:21 UTC 2018
#@# AvgCurv lh Sun Jan 14 19:30:23 UTC 2018
#@# AvgCurv rh Sun Jan 14 19:30:25 UTC 2018
#@# Cortical Parc lh Sun Jan 14 19:30:27 UTC 2018
#@# Cortical Parc rh Sun Jan 14 19:30:46 UTC 2018
#@# Make Pial Surf lh Sun Jan 14 19:31:07 UTC 2018
#@# Make Pial Surf rh Sun Jan 14 19:50:51 UTC 2018
#@# Surf Volume lh Sun Jan 14 20:11:45 UTC 2018
#@# Surf Volume rh Sun Jan 14 20:11:50 UTC 2018
#@# Cortical ribbon mask Sun Jan 14 20:11:54 UTC 2018
#@# Parcellation Stats lh Sun Jan 14 20:26:26 UTC 2018
#@# Parcellation Stats rh Sun Jan 14 20:28:14 UTC 2018
#@# Cortical Parc 2 lh Sun Jan 14 20:30:09 UTC 2018
#@# Cortical Parc 2 rh Sun Jan 14 20:30:34 UTC 2018
#@# Parcellation Stats 2 lh Sun Jan 14 20:30:59 UTC 2018
#@# Parcellation Stats 2 rh Sun Jan 14 20:31:56 UTC 2018
#@# Cortical Parc 3 lh Sun Jan 14 20:32:56 UTC 2018
#@# Cortical Parc 3 rh Sun Jan 14 20:33:14 UTC 2018
#@# Parcellation Stats 3 lh Sun Jan 14 20:33:33 UTC 2018
#@# Parcellation Stats 3 rh Sun Jan 14 20:34:26 UTC 2018
#@# WM/GM Contrast lh Sun Jan 14 20:35:24 UTC 2018
#@# WM/GM Contrast rh Sun Jan 14 20:35:33 UTC 2018
#@# Relabel Hypointensities Sun Jan 14 20:35:42 UTC 2018
#@# AParc-to-ASeg aparc Sun Jan 14 20:36:17 UTC 2018
#@# AParc-to-ASeg a2009s Sun Jan 14 20:43:22 UTC 2018
#@# AParc-to-ASeg DKTatlas Sun Jan 14 20:50:10 UTC 2018
#@# APas-to-ASeg Sun Jan 14 20:57:00 UTC 2018
#@# ASeg Stats Sun Jan 14 20:57:12 UTC 2018
#@# WMParc Sun Jan 14 21:02:16 UTC 2018
#@# BA_exvivo Labels lh Sun Jan 14 21:16:08 UTC 2018
#@# BA_exvivo Labels rh Sun Jan 14 21:22:34 UTC 2018
recon-all -s 3863 finished without error at Sun Jan 14 21:29:06 UTC 2018
