status file for recon-all
Fri Dec 29 00:25:47 UTC 2017
#@# MotionCor Fri Dec 29 00:25:50 UTC 2017
#@# Talairach Fri Dec 29 00:26:06 UTC 2017



New invocation of recon-all 



status file for recon-all
Sun Dec 31 16:33:13 UTC 2017
#@# Talairach Sun Dec 31 16:33:13 UTC 2017
#@# Talairach Failure Detection Sun Dec 31 16:35:56 UTC 2017
#@# Nu Intensity Correction Sun Dec 31 16:35:56 UTC 2017
#@# Intensity Normalization Sun Dec 31 16:39:25 UTC 2017
#@# Skull Stripping Sun Dec 31 16:43:11 UTC 2017
#@# EM Registration Sun Dec 31 17:40:49 UTC 2017
#@# CA Normalize Sun Dec 31 18:20:49 UTC 2017
#@# CA Reg Sun Dec 31 18:23:44 UTC 2017
#@# SubCort Seg Sun Dec 31 22:46:27 UTC 2017
#@# Merge ASeg Mon Jan  1 00:15:01 UTC 2018
#@# Intensity Normalization2 Mon Jan  1 00:15:01 UTC 2018
#@# Mask BFS Mon Jan  1 00:21:46 UTC 2018
#@# WM Segmentation Mon Jan  1 00:21:50 UTC 2018
#@# Fill Mon Jan  1 00:25:14 UTC 2018
#@# Tessellate lh Mon Jan  1 00:26:50 UTC 2018
#@# Tessellate rh Mon Jan  1 00:27:01 UTC 2018
#@# Smooth1 lh Mon Jan  1 00:27:12 UTC 2018
#@# Smooth1 rh Mon Jan  1 00:27:21 UTC 2018
#@# Inflation1 lh Mon Jan  1 00:27:28 UTC 2018
#@# Inflation1 rh Mon Jan  1 00:28:21 UTC 2018
#@# QSphere lh Mon Jan  1 00:29:12 UTC 2018
#@# QSphere rh Mon Jan  1 00:35:29 UTC 2018
#@# Fix Topology Copy lh Mon Jan  1 00:40:50 UTC 2018
#@# Fix Topology Copy rh Mon Jan  1 00:40:51 UTC 2018
#@# Fix Topology lh Mon Jan  1 00:40:51 UTC 2018
#@# Fix Topology rh Mon Jan  1 01:11:27 UTC 2018
#@# Make White Surf lh Mon Jan  1 01:27:40 UTC 2018
#@# Make White Surf rh Mon Jan  1 01:35:20 UTC 2018
#@# Smooth2 lh Mon Jan  1 01:42:53 UTC 2018
#@# Smooth2 rh Mon Jan  1 01:43:01 UTC 2018
#@# Inflation2 lh Mon Jan  1 01:43:08 UTC 2018
#@# Inflation2 rh Mon Jan  1 01:43:57 UTC 2018
#@# Curv .H and .K lh Mon Jan  1 01:44:45 UTC 2018
#@# Curv .H and .K rh Mon Jan  1 01:46:49 UTC 2018
#@# Curvature Stats lh Mon Jan  1 01:48:53 UTC 2018
#@# Curvature Stats rh Mon Jan  1 01:48:59 UTC 2018
#@# Sphere lh Mon Jan  1 01:49:04 UTC 2018
#@# Sphere rh Mon Jan  1 02:53:21 UTC 2018
#@# Surf Reg lh Mon Jan  1 03:55:26 UTC 2018
#@# Surf Reg rh Mon Jan  1 05:03:20 UTC 2018
#@# Jacobian white lh Mon Jan  1 06:14:32 UTC 2018
#@# Jacobian white rh Mon Jan  1 06:14:35 UTC 2018
#@# AvgCurv lh Mon Jan  1 06:14:37 UTC 2018
#@# AvgCurv rh Mon Jan  1 06:14:40 UTC 2018
#@# Cortical Parc lh Mon Jan  1 06:14:42 UTC 2018
#@# Cortical Parc rh Mon Jan  1 06:15:08 UTC 2018
#@# Make Pial Surf lh Mon Jan  1 06:15:32 UTC 2018
#@# Make Pial Surf rh Mon Jan  1 06:36:26 UTC 2018
#@# Surf Volume lh Mon Jan  1 06:56:18 UTC 2018
#@# Surf Volume rh Mon Jan  1 06:56:23 UTC 2018
#@# Cortical ribbon mask Mon Jan  1 06:56:28 UTC 2018
#@# Parcellation Stats lh Mon Jan  1 07:13:29 UTC 2018
#@# Parcellation Stats rh Mon Jan  1 07:15:27 UTC 2018
#@# Cortical Parc 2 lh Mon Jan  1 07:17:26 UTC 2018
#@# Cortical Parc 2 rh Mon Jan  1 07:17:54 UTC 2018
#@# Parcellation Stats 2 lh Mon Jan  1 07:18:21 UTC 2018
#@# Parcellation Stats 2 rh Mon Jan  1 07:19:21 UTC 2018
#@# Cortical Parc 3 lh Mon Jan  1 07:20:21 UTC 2018
#@# Cortical Parc 3 rh Mon Jan  1 07:20:44 UTC 2018
#@# Parcellation Stats 3 lh Mon Jan  1 07:21:05 UTC 2018
#@# Parcellation Stats 3 rh Mon Jan  1 07:22:05 UTC 2018
#@# WM/GM Contrast lh Mon Jan  1 07:23:02 UTC 2018
#@# WM/GM Contrast rh Mon Jan  1 07:23:11 UTC 2018
#@# Relabel Hypointensities Mon Jan  1 07:23:19 UTC 2018
#@# AParc-to-ASeg aparc Mon Jan  1 07:23:52 UTC 2018
#@# AParc-to-ASeg a2009s Mon Jan  1 07:31:30 UTC 2018
#@# AParc-to-ASeg DKTatlas Mon Jan  1 07:39:08 UTC 2018
#@# APas-to-ASeg Mon Jan  1 07:46:47 UTC 2018
#@# ASeg Stats Mon Jan  1 07:47:00 UTC 2018
#@# WMParc Mon Jan  1 07:54:07 UTC 2018
#@# BA_exvivo Labels lh Mon Jan  1 08:12:01 UTC 2018
#@# BA_exvivo Labels rh Mon Jan  1 08:19:31 UTC 2018
recon-all -s 3062 finished without error at Mon Jan  1 08:27:05 UTC 2018
