status file for recon-all
Tue Jan 16 21:25:13 UTC 2018
#@# MotionCor Tue Jan 16 21:25:21 UTC 2018
#@# Talairach Tue Jan 16 21:25:43 UTC 2018
#@# Talairach Failure Detection Tue Jan 16 21:28:47 UTC 2018
#@# Nu Intensity Correction Tue Jan 16 21:28:47 UTC 2018
#@# Intensity Normalization Tue Jan 16 21:32:26 UTC 2018
#@# Skull Stripping Tue Jan 16 21:36:19 UTC 2018
#@# EM Registration Tue Jan 16 22:08:32 UTC 2018
#@# CA Normalize Tue Jan 16 22:38:40 UTC 2018
#@# CA Reg Tue Jan 16 22:41:15 UTC 2018
#@# SubCort Seg Wed Jan 17 03:13:30 UTC 2018
#@# Merge ASeg Wed Jan 17 04:50:14 UTC 2018
#@# Intensity Normalization2 Wed Jan 17 04:50:14 UTC 2018
#@# Mask BFS Wed Jan 17 04:56:25 UTC 2018
#@# WM Segmentation Wed Jan 17 04:56:29 UTC 2018
#@# Fill Wed Jan 17 05:00:00 UTC 2018
#@# Tessellate lh Wed Jan 17 05:01:38 UTC 2018
#@# Tessellate rh Wed Jan 17 05:01:48 UTC 2018
#@# Smooth1 lh Wed Jan 17 05:01:59 UTC 2018
#@# Smooth1 rh Wed Jan 17 05:02:08 UTC 2018
#@# Inflation1 lh Wed Jan 17 05:02:16 UTC 2018
#@# Inflation1 rh Wed Jan 17 05:03:07 UTC 2018
#@# QSphere lh Wed Jan 17 05:03:59 UTC 2018
#@# QSphere rh Wed Jan 17 05:09:08 UTC 2018
#@# Fix Topology Copy lh Wed Jan 17 05:15:31 UTC 2018
#@# Fix Topology Copy rh Wed Jan 17 05:15:31 UTC 2018
#@# Fix Topology lh Wed Jan 17 05:15:32 UTC 2018
#@# Fix Topology rh Wed Jan 17 05:47:13 UTC 2018
#@# Make White Surf lh Wed Jan 17 06:13:17 UTC 2018
#@# Make White Surf rh Wed Jan 17 06:22:06 UTC 2018
#@# Smooth2 lh Wed Jan 17 06:31:11 UTC 2018
#@# Smooth2 rh Wed Jan 17 06:31:19 UTC 2018
#@# Inflation2 lh Wed Jan 17 06:31:28 UTC 2018
#@# Inflation2 rh Wed Jan 17 06:32:18 UTC 2018
#@# Curv .H and .K lh Wed Jan 17 06:33:08 UTC 2018
#@# Curv .H and .K rh Wed Jan 17 06:35:12 UTC 2018
#@# Curvature Stats lh Wed Jan 17 06:37:18 UTC 2018
#@# Curvature Stats rh Wed Jan 17 06:37:24 UTC 2018
#@# Sphere lh Wed Jan 17 06:37:29 UTC 2018
#@# Sphere rh Wed Jan 17 07:40:45 UTC 2018
#@# Surf Reg lh Wed Jan 17 08:53:28 UTC 2018
#@# Surf Reg rh Wed Jan 17 10:03:30 UTC 2018
#@# Jacobian white lh Wed Jan 17 11:17:47 UTC 2018
#@# Jacobian white rh Wed Jan 17 11:17:50 UTC 2018
#@# AvgCurv lh Wed Jan 17 11:17:53 UTC 2018
#@# AvgCurv rh Wed Jan 17 11:17:56 UTC 2018
#@# Cortical Parc lh Wed Jan 17 11:17:59 UTC 2018
#@# Cortical Parc rh Wed Jan 17 11:18:26 UTC 2018
#@# Make Pial Surf lh Wed Jan 17 11:18:51 UTC 2018
#@# Make Pial Surf rh Wed Jan 17 11:41:35 UTC 2018
#@# Surf Volume lh Wed Jan 17 12:05:01 UTC 2018
#@# Surf Volume rh Wed Jan 17 12:05:07 UTC 2018
#@# Cortical ribbon mask Wed Jan 17 12:05:12 UTC 2018
#@# Parcellation Stats lh Wed Jan 17 12:26:46 UTC 2018
#@# Parcellation Stats rh Wed Jan 17 12:29:13 UTC 2018
#@# Cortical Parc 2 lh Wed Jan 17 12:31:41 UTC 2018
#@# Cortical Parc 2 rh Wed Jan 17 12:32:14 UTC 2018
#@# Parcellation Stats 2 lh Wed Jan 17 12:32:47 UTC 2018
#@# Parcellation Stats 2 rh Wed Jan 17 12:33:58 UTC 2018
#@# Cortical Parc 3 lh Wed Jan 17 12:35:11 UTC 2018
#@# Cortical Parc 3 rh Wed Jan 17 12:35:36 UTC 2018
#@# Parcellation Stats 3 lh Wed Jan 17 12:36:02 UTC 2018
#@# Parcellation Stats 3 rh Wed Jan 17 12:37:11 UTC 2018
#@# WM/GM Contrast lh Wed Jan 17 12:38:20 UTC 2018
#@# WM/GM Contrast rh Wed Jan 17 12:38:32 UTC 2018
#@# Relabel Hypointensities Wed Jan 17 12:38:44 UTC 2018
#@# AParc-to-ASeg aparc Wed Jan 17 12:39:25 UTC 2018
#@# AParc-to-ASeg a2009s Wed Jan 17 12:47:59 UTC 2018
#@# AParc-to-ASeg DKTatlas Wed Jan 17 12:56:08 UTC 2018
#@# APas-to-ASeg Wed Jan 17 13:04:11 UTC 2018
#@# ASeg Stats Wed Jan 17 13:04:24 UTC 2018
#@# WMParc Wed Jan 17 13:12:17 UTC 2018
#@# BA_exvivo Labels lh Wed Jan 17 13:29:43 UTC 2018
#@# BA_exvivo Labels rh Wed Jan 17 13:37:22 UTC 2018
recon-all -s 4122 finished without error at Wed Jan 17 13:45:22 UTC 2018
