status file for recon-all
Mon Jan 15 18:36:41 UTC 2018
#@# MotionCor Mon Jan 15 18:36:53 UTC 2018
#@# Talairach Mon Jan 15 18:37:21 UTC 2018
#@# Talairach Failure Detection Mon Jan 15 18:40:42 UTC 2018
#@# Nu Intensity Correction Mon Jan 15 18:40:42 UTC 2018
#@# Intensity Normalization Mon Jan 15 18:45:07 UTC 2018
#@# Skull Stripping Mon Jan 15 18:49:32 UTC 2018
#@# EM Registration Mon Jan 15 19:43:29 UTC 2018
#@# CA Normalize Mon Jan 15 20:32:43 UTC 2018
#@# CA Reg Mon Jan 15 20:36:18 UTC 2018
#@# SubCort Seg Tue Jan 16 02:48:37 UTC 2018
#@# Merge ASeg Tue Jan 16 05:05:59 UTC 2018
#@# Intensity Normalization2 Tue Jan 16 05:05:59 UTC 2018
#@# Mask BFS Tue Jan 16 05:13:04 UTC 2018
#@# WM Segmentation Tue Jan 16 05:13:08 UTC 2018
#@# Fill Tue Jan 16 05:17:53 UTC 2018
#@# Tessellate lh Tue Jan 16 05:19:32 UTC 2018
#@# Tessellate rh Tue Jan 16 05:19:44 UTC 2018
#@# Smooth1 lh Tue Jan 16 05:19:58 UTC 2018
#@# Smooth1 rh Tue Jan 16 05:20:10 UTC 2018
#@# Inflation1 lh Tue Jan 16 05:20:21 UTC 2018
#@# Inflation1 rh Tue Jan 16 05:21:30 UTC 2018
#@# QSphere lh Tue Jan 16 05:22:37 UTC 2018
#@# QSphere rh Tue Jan 16 05:29:40 UTC 2018
#@# Fix Topology Copy lh Tue Jan 16 05:36:53 UTC 2018
#@# Fix Topology Copy rh Tue Jan 16 05:36:53 UTC 2018
#@# Fix Topology lh Tue Jan 16 05:36:54 UTC 2018
#@# Fix Topology rh Tue Jan 16 07:39:39 UTC 2018
#@# Make White Surf lh Tue Jan 16 09:49:07 UTC 2018
#@# Make White Surf rh Tue Jan 16 09:59:26 UTC 2018
#@# Smooth2 lh Tue Jan 16 10:10:09 UTC 2018
#@# Smooth2 rh Tue Jan 16 10:10:20 UTC 2018
#@# Inflation2 lh Tue Jan 16 10:10:31 UTC 2018
#@# Inflation2 rh Tue Jan 16 10:11:41 UTC 2018
#@# Curv .H and .K lh Tue Jan 16 10:12:54 UTC 2018
#@# Curv .H and .K rh Tue Jan 16 10:15:58 UTC 2018
#@# Curvature Stats lh Tue Jan 16 10:18:58 UTC 2018
#@# Curvature Stats rh Tue Jan 16 10:19:05 UTC 2018
#@# Sphere lh Tue Jan 16 10:19:13 UTC 2018
#@# Sphere rh Tue Jan 16 12:04:30 UTC 2018
#@# Surf Reg lh Tue Jan 16 13:54:39 UTC 2018
#@# Surf Reg rh Tue Jan 16 15:39:13 UTC 2018
#@# Jacobian white lh Tue Jan 16 16:59:13 UTC 2018
#@# Jacobian white rh Tue Jan 16 16:59:17 UTC 2018
#@# AvgCurv lh Tue Jan 16 16:59:20 UTC 2018
#@# AvgCurv rh Tue Jan 16 16:59:22 UTC 2018
#@# Cortical Parc lh Tue Jan 16 16:59:25 UTC 2018
#@# Cortical Parc rh Tue Jan 16 16:59:50 UTC 2018
#@# Make Pial Surf lh Tue Jan 16 17:00:13 UTC 2018
#@# Make Pial Surf rh Tue Jan 16 17:24:23 UTC 2018
#@# Surf Volume lh Tue Jan 16 17:48:03 UTC 2018
#@# Surf Volume rh Tue Jan 16 17:48:09 UTC 2018
#@# Cortical ribbon mask Tue Jan 16 17:48:14 UTC 2018
#@# Parcellation Stats lh Tue Jan 16 18:09:48 UTC 2018
#@# Parcellation Stats rh Tue Jan 16 18:12:12 UTC 2018
#@# Cortical Parc 2 lh Tue Jan 16 18:14:39 UTC 2018
#@# Cortical Parc 2 rh Tue Jan 16 18:15:11 UTC 2018
#@# Parcellation Stats 2 lh Tue Jan 16 18:15:41 UTC 2018
#@# Parcellation Stats 2 rh Tue Jan 16 18:16:54 UTC 2018
#@# Cortical Parc 3 lh Tue Jan 16 18:18:06 UTC 2018
#@# Cortical Parc 3 rh Tue Jan 16 18:18:31 UTC 2018
#@# Parcellation Stats 3 lh Tue Jan 16 18:18:56 UTC 2018
#@# Parcellation Stats 3 rh Tue Jan 16 18:20:09 UTC 2018
#@# WM/GM Contrast lh Tue Jan 16 18:21:20 UTC 2018
#@# WM/GM Contrast rh Tue Jan 16 18:21:31 UTC 2018
#@# Relabel Hypointensities Tue Jan 16 18:21:43 UTC 2018
#@# AParc-to-ASeg aparc Tue Jan 16 18:22:29 UTC 2018
#@# AParc-to-ASeg a2009s Tue Jan 16 18:30:12 UTC 2018
#@# AParc-to-ASeg DKTatlas Tue Jan 16 18:37:25 UTC 2018
#@# APas-to-ASeg Tue Jan 16 18:44:25 UTC 2018
#@# ASeg Stats Tue Jan 16 18:44:37 UTC 2018
#@# WMParc Tue Jan 16 18:49:36 UTC 2018
#@# BA_exvivo Labels lh Tue Jan 16 19:04:47 UTC 2018
#@# BA_exvivo Labels rh Tue Jan 16 19:12:19 UTC 2018
recon-all -s 4071 finished without error at Tue Jan 16 19:19:44 UTC 2018
