status file for recon-all
Mon Jan 15 18:35:55 UTC 2018
#@# MotionCor Mon Jan 15 18:36:01 UTC 2018
#@# Talairach Mon Jan 15 18:36:20 UTC 2018
#@# Talairach Failure Detection Mon Jan 15 18:40:10 UTC 2018
#@# Nu Intensity Correction Mon Jan 15 18:40:10 UTC 2018
#@# Intensity Normalization Mon Jan 15 18:45:07 UTC 2018
#@# Skull Stripping Mon Jan 15 18:50:27 UTC 2018
#@# EM Registration Mon Jan 15 19:31:03 UTC 2018
#@# CA Normalize Mon Jan 15 20:20:00 UTC 2018
#@# CA Reg Mon Jan 15 20:23:44 UTC 2018
#@# SubCort Seg Tue Jan 16 03:24:51 UTC 2018
#@# Merge ASeg Tue Jan 16 05:35:19 UTC 2018
#@# Intensity Normalization2 Tue Jan 16 05:35:19 UTC 2018
#@# Mask BFS Tue Jan 16 05:42:52 UTC 2018
#@# WM Segmentation Tue Jan 16 05:42:56 UTC 2018
#@# Fill Tue Jan 16 05:47:40 UTC 2018
#@# Tessellate lh Tue Jan 16 05:49:24 UTC 2018
#@# Tessellate rh Tue Jan 16 05:49:36 UTC 2018
#@# Smooth1 lh Tue Jan 16 05:49:51 UTC 2018
#@# Smooth1 rh Tue Jan 16 05:50:02 UTC 2018
#@# Inflation1 lh Tue Jan 16 05:50:13 UTC 2018
#@# Inflation1 rh Tue Jan 16 05:51:15 UTC 2018
#@# QSphere lh Tue Jan 16 05:52:22 UTC 2018
#@# QSphere rh Tue Jan 16 05:59:12 UTC 2018
#@# Fix Topology Copy lh Tue Jan 16 06:05:57 UTC 2018
#@# Fix Topology Copy rh Tue Jan 16 06:05:57 UTC 2018
#@# Fix Topology lh Tue Jan 16 06:05:57 UTC 2018
#@# Fix Topology rh Tue Jan 16 07:55:37 UTC 2018
#@# Make White Surf lh Tue Jan 16 09:31:00 UTC 2018
#@# Make White Surf rh Tue Jan 16 09:40:21 UTC 2018
#@# Smooth2 lh Tue Jan 16 09:49:52 UTC 2018
#@# Smooth2 rh Tue Jan 16 09:50:03 UTC 2018
#@# Inflation2 lh Tue Jan 16 09:50:14 UTC 2018
#@# Inflation2 rh Tue Jan 16 09:51:15 UTC 2018
#@# Curv .H and .K lh Tue Jan 16 09:52:18 UTC 2018
#@# Curv .H and .K rh Tue Jan 16 09:54:49 UTC 2018
#@# Curvature Stats lh Tue Jan 16 09:57:34 UTC 2018
#@# Curvature Stats rh Tue Jan 16 09:57:43 UTC 2018
#@# Sphere lh Tue Jan 16 09:57:50 UTC 2018
#@# Sphere rh Tue Jan 16 11:32:20 UTC 2018
#@# Surf Reg lh Tue Jan 16 13:22:59 UTC 2018
#@# Surf Reg rh Tue Jan 16 14:42:50 UTC 2018
#@# Jacobian white lh Tue Jan 16 16:25:13 UTC 2018
#@# Jacobian white rh Tue Jan 16 16:25:18 UTC 2018
#@# AvgCurv lh Tue Jan 16 16:25:22 UTC 2018
#@# AvgCurv rh Tue Jan 16 16:25:25 UTC 2018
#@# Cortical Parc lh Tue Jan 16 16:25:29 UTC 2018
#@# Cortical Parc rh Tue Jan 16 16:25:58 UTC 2018
#@# Make Pial Surf lh Tue Jan 16 16:26:31 UTC 2018
#@# Make Pial Surf rh Tue Jan 16 16:52:33 UTC 2018
#@# Surf Volume lh Tue Jan 16 17:15:40 UTC 2018
#@# Surf Volume rh Tue Jan 16 17:15:45 UTC 2018
#@# Cortical ribbon mask Tue Jan 16 17:15:51 UTC 2018
#@# Parcellation Stats lh Tue Jan 16 17:35:21 UTC 2018
#@# Parcellation Stats rh Tue Jan 16 17:37:22 UTC 2018
#@# Cortical Parc 2 lh Tue Jan 16 17:39:26 UTC 2018
#@# Cortical Parc 2 rh Tue Jan 16 17:39:53 UTC 2018
#@# Parcellation Stats 2 lh Tue Jan 16 17:40:23 UTC 2018
#@# Parcellation Stats 2 rh Tue Jan 16 17:41:31 UTC 2018
#@# Cortical Parc 3 lh Tue Jan 16 17:42:40 UTC 2018
#@# Cortical Parc 3 rh Tue Jan 16 17:43:03 UTC 2018
#@# Parcellation Stats 3 lh Tue Jan 16 17:43:26 UTC 2018
#@# Parcellation Stats 3 rh Tue Jan 16 17:44:31 UTC 2018
#@# WM/GM Contrast lh Tue Jan 16 17:45:37 UTC 2018
#@# WM/GM Contrast rh Tue Jan 16 17:45:48 UTC 2018
#@# Relabel Hypointensities Tue Jan 16 17:45:57 UTC 2018
#@# AParc-to-ASeg aparc Tue Jan 16 17:46:37 UTC 2018
#@# AParc-to-ASeg a2009s Tue Jan 16 17:55:01 UTC 2018
#@# AParc-to-ASeg DKTatlas Tue Jan 16 18:03:27 UTC 2018
#@# APas-to-ASeg Tue Jan 16 18:12:06 UTC 2018
#@# ASeg Stats Tue Jan 16 18:12:19 UTC 2018
#@# WMParc Tue Jan 16 18:18:38 UTC 2018
#@# BA_exvivo Labels lh Tue Jan 16 18:35:51 UTC 2018
#@# BA_exvivo Labels rh Tue Jan 16 18:43:11 UTC 2018
recon-all -s 4065 finished without error at Tue Jan 16 18:50:31 UTC 2018
