status file for recon-all
Sat Jan 13 22:09:15 UTC 2018
#@# MotionCor Sat Jan 13 22:09:25 UTC 2018
#@# Talairach Sat Jan 13 22:09:46 UTC 2018
#@# Talairach Failure Detection Sat Jan 13 22:13:16 UTC 2018
#@# Nu Intensity Correction Sat Jan 13 22:13:16 UTC 2018
#@# Intensity Normalization Sat Jan 13 22:17:46 UTC 2018
#@# Skull Stripping Sat Jan 13 22:23:08 UTC 2018
#@# EM Registration Sat Jan 13 22:59:56 UTC 2018
#@# CA Normalize Sat Jan 13 23:31:06 UTC 2018
#@# CA Reg Sat Jan 13 23:34:47 UTC 2018
#@# SubCort Seg Sun Jan 14 05:41:04 UTC 2018
#@# Merge ASeg Sun Jan 14 07:50:14 UTC 2018
#@# Intensity Normalization2 Sun Jan 14 07:50:14 UTC 2018
#@# Mask BFS Sun Jan 14 07:58:20 UTC 2018
#@# WM Segmentation Sun Jan 14 07:58:25 UTC 2018
#@# Fill Sun Jan 14 08:03:07 UTC 2018
#@# Tessellate lh Sun Jan 14 08:04:53 UTC 2018
#@# Tessellate rh Sun Jan 14 08:05:05 UTC 2018
#@# Smooth1 lh Sun Jan 14 08:05:17 UTC 2018
#@# Smooth1 rh Sun Jan 14 08:05:29 UTC 2018
#@# Inflation1 lh Sun Jan 14 08:05:42 UTC 2018
#@# Inflation1 rh Sun Jan 14 08:06:56 UTC 2018
#@# QSphere lh Sun Jan 14 08:08:07 UTC 2018
#@# QSphere rh Sun Jan 14 08:15:38 UTC 2018
#@# Fix Topology Copy lh Sun Jan 14 08:23:35 UTC 2018
#@# Fix Topology Copy rh Sun Jan 14 08:23:36 UTC 2018
#@# Fix Topology lh Sun Jan 14 08:23:36 UTC 2018
#@# Fix Topology rh Sun Jan 14 10:11:47 UTC 2018
#@# Make White Surf lh Sun Jan 14 11:37:29 UTC 2018
#@# Make White Surf rh Sun Jan 14 11:48:28 UTC 2018
#@# Smooth2 lh Sun Jan 14 11:59:35 UTC 2018
#@# Smooth2 rh Sun Jan 14 11:59:47 UTC 2018
#@# Inflation2 lh Sun Jan 14 11:59:58 UTC 2018
#@# Inflation2 rh Sun Jan 14 12:01:12 UTC 2018
#@# Curv .H and .K lh Sun Jan 14 12:02:23 UTC 2018
#@# Curv .H and .K rh Sun Jan 14 12:05:25 UTC 2018
#@# Curvature Stats lh Sun Jan 14 12:08:26 UTC 2018
#@# Curvature Stats rh Sun Jan 14 12:08:34 UTC 2018
#@# Sphere lh Sun Jan 14 12:08:43 UTC 2018
#@# Sphere rh Sun Jan 14 13:58:50 UTC 2018
#@# Surf Reg lh Sun Jan 14 15:36:01 UTC 2018
#@# Surf Reg rh Sun Jan 14 17:08:00 UTC 2018
#@# Jacobian white lh Sun Jan 14 18:31:02 UTC 2018
#@# Jacobian white rh Sun Jan 14 18:31:05 UTC 2018
#@# AvgCurv lh Sun Jan 14 18:31:08 UTC 2018
#@# AvgCurv rh Sun Jan 14 18:31:11 UTC 2018
#@# Cortical Parc lh Sun Jan 14 18:31:14 UTC 2018
#@# Cortical Parc rh Sun Jan 14 18:31:38 UTC 2018
#@# Make Pial Surf lh Sun Jan 14 18:32:02 UTC 2018
#@# Make Pial Surf rh Sun Jan 14 18:58:15 UTC 2018
#@# Surf Volume lh Sun Jan 14 19:24:12 UTC 2018
#@# Surf Volume rh Sun Jan 14 19:24:18 UTC 2018
#@# Cortical ribbon mask Sun Jan 14 19:24:24 UTC 2018
#@# Parcellation Stats lh Sun Jan 14 19:52:40 UTC 2018
#@# Parcellation Stats rh Sun Jan 14 19:55:02 UTC 2018
#@# Cortical Parc 2 lh Sun Jan 14 19:57:22 UTC 2018
#@# Cortical Parc 2 rh Sun Jan 14 19:57:54 UTC 2018
#@# Parcellation Stats 2 lh Sun Jan 14 19:58:27 UTC 2018
#@# Parcellation Stats 2 rh Sun Jan 14 19:59:39 UTC 2018
#@# Cortical Parc 3 lh Sun Jan 14 20:00:59 UTC 2018
#@# Cortical Parc 3 rh Sun Jan 14 20:01:26 UTC 2018
#@# Parcellation Stats 3 lh Sun Jan 14 20:01:54 UTC 2018
#@# Parcellation Stats 3 rh Sun Jan 14 20:03:11 UTC 2018
#@# WM/GM Contrast lh Sun Jan 14 20:04:28 UTC 2018
#@# WM/GM Contrast rh Sun Jan 14 20:04:40 UTC 2018
#@# Relabel Hypointensities Sun Jan 14 20:04:52 UTC 2018
#@# AParc-to-ASeg aparc Sun Jan 14 20:05:37 UTC 2018
#@# AParc-to-ASeg a2009s Sun Jan 14 20:15:00 UTC 2018
#@# AParc-to-ASeg DKTatlas Sun Jan 14 20:24:03 UTC 2018
#@# APas-to-ASeg Sun Jan 14 20:32:35 UTC 2018
#@# ASeg Stats Sun Jan 14 20:32:47 UTC 2018
#@# WMParc Sun Jan 14 20:38:25 UTC 2018
#@# BA_exvivo Labels lh Sun Jan 14 20:55:01 UTC 2018
#@# BA_exvivo Labels rh Sun Jan 14 21:03:00 UTC 2018
recon-all -s 3824 finished without error at Sun Jan 14 21:11:02 UTC 2018
