status file for recon-all
Wed Jan 10 00:06:43 UTC 2018
#@# MotionCor Wed Jan 10 00:06:49 UTC 2018
#@# Talairach Wed Jan 10 00:07:09 UTC 2018
#@# Talairach Failure Detection Wed Jan 10 00:10:55 UTC 2018
#@# Nu Intensity Correction Wed Jan 10 00:10:55 UTC 2018
#@# Intensity Normalization Wed Jan 10 00:15:53 UTC 2018
#@# Skull Stripping Wed Jan 10 00:21:19 UTC 2018
#@# EM Registration Wed Jan 10 01:07:39 UTC 2018
#@# CA Normalize Wed Jan 10 01:41:24 UTC 2018
#@# CA Reg Wed Jan 10 01:45:06 UTC 2018
#@# SubCort Seg Wed Jan 10 08:46:23 UTC 2018
#@# Merge ASeg Wed Jan 10 11:15:09 UTC 2018
#@# Intensity Normalization2 Wed Jan 10 11:15:09 UTC 2018
#@# Mask BFS Wed Jan 10 11:22:53 UTC 2018
#@# WM Segmentation Wed Jan 10 11:22:57 UTC 2018
#@# Fill Wed Jan 10 11:27:34 UTC 2018
#@# Tessellate lh Wed Jan 10 11:29:29 UTC 2018
#@# Tessellate rh Wed Jan 10 11:29:43 UTC 2018
#@# Smooth1 lh Wed Jan 10 11:29:56 UTC 2018
#@# Smooth1 rh Wed Jan 10 11:30:06 UTC 2018
#@# Inflation1 lh Wed Jan 10 11:30:16 UTC 2018
#@# Inflation1 rh Wed Jan 10 11:31:18 UTC 2018
#@# QSphere lh Wed Jan 10 11:32:22 UTC 2018
#@# QSphere rh Wed Jan 10 11:39:33 UTC 2018
#@# Fix Topology Copy lh Wed Jan 10 11:46:15 UTC 2018
#@# Fix Topology Copy rh Wed Jan 10 11:46:15 UTC 2018
#@# Fix Topology lh Wed Jan 10 11:46:15 UTC 2018
#@# Fix Topology rh Wed Jan 10 12:09:46 UTC 2018
#@# Make White Surf lh Wed Jan 10 12:48:39 UTC 2018
#@# Make White Surf rh Wed Jan 10 12:57:33 UTC 2018
#@# Smooth2 lh Wed Jan 10 13:06:19 UTC 2018
#@# Smooth2 rh Wed Jan 10 13:06:30 UTC 2018
#@# Inflation2 lh Wed Jan 10 13:06:40 UTC 2018
#@# Inflation2 rh Wed Jan 10 13:07:46 UTC 2018
#@# Curv .H and .K lh Wed Jan 10 13:08:47 UTC 2018
#@# Curv .H and .K rh Wed Jan 10 13:11:23 UTC 2018
#@# Curvature Stats lh Wed Jan 10 13:14:00 UTC 2018
#@# Curvature Stats rh Wed Jan 10 13:14:08 UTC 2018
#@# Sphere lh Wed Jan 10 13:14:15 UTC 2018
#@# Sphere rh Wed Jan 10 14:32:42 UTC 2018
#@# Surf Reg lh Wed Jan 10 16:02:26 UTC 2018
#@# Surf Reg rh Wed Jan 10 17:26:09 UTC 2018
#@# Jacobian white lh Wed Jan 10 19:12:00 UTC 2018
#@# Jacobian white rh Wed Jan 10 19:12:04 UTC 2018
#@# AvgCurv lh Wed Jan 10 19:12:09 UTC 2018
#@# AvgCurv rh Wed Jan 10 19:12:13 UTC 2018
#@# Cortical Parc lh Wed Jan 10 19:12:17 UTC 2018
#@# Cortical Parc rh Wed Jan 10 19:12:51 UTC 2018
#@# Make Pial Surf lh Wed Jan 10 19:13:23 UTC 2018
#@# Make Pial Surf rh Wed Jan 10 19:41:03 UTC 2018
#@# Surf Volume lh Wed Jan 10 20:08:34 UTC 2018
#@# Surf Volume rh Wed Jan 10 20:08:41 UTC 2018
#@# Cortical ribbon mask Wed Jan 10 20:08:48 UTC 2018
#@# Parcellation Stats lh Wed Jan 10 20:35:06 UTC 2018
#@# Parcellation Stats rh Wed Jan 10 20:38:07 UTC 2018
#@# Cortical Parc 2 lh Wed Jan 10 20:41:06 UTC 2018
#@# Cortical Parc 2 rh Wed Jan 10 20:41:44 UTC 2018
#@# Parcellation Stats 2 lh Wed Jan 10 20:42:24 UTC 2018
#@# Parcellation Stats 2 rh Wed Jan 10 20:43:56 UTC 2018
#@# Cortical Parc 3 lh Wed Jan 10 20:45:24 UTC 2018
#@# Cortical Parc 3 rh Wed Jan 10 20:45:56 UTC 2018
#@# Parcellation Stats 3 lh Wed Jan 10 20:46:28 UTC 2018
#@# Parcellation Stats 3 rh Wed Jan 10 20:48:01 UTC 2018
#@# WM/GM Contrast lh Wed Jan 10 20:49:33 UTC 2018
#@# WM/GM Contrast rh Wed Jan 10 20:49:48 UTC 2018
#@# Relabel Hypointensities Wed Jan 10 20:50:01 UTC 2018
#@# AParc-to-ASeg aparc Wed Jan 10 20:50:52 UTC 2018
#@# AParc-to-ASeg a2009s Wed Jan 10 21:01:52 UTC 2018
#@# AParc-to-ASeg DKTatlas Wed Jan 10 21:10:52 UTC 2018
#@# APas-to-ASeg Wed Jan 10 21:19:23 UTC 2018
#@# ASeg Stats Wed Jan 10 21:19:38 UTC 2018
#@# WMParc Wed Jan 10 21:28:11 UTC 2018
#@# BA_exvivo Labels lh Wed Jan 10 21:49:22 UTC 2018
#@# BA_exvivo Labels rh Wed Jan 10 21:57:31 UTC 2018
recon-all -s 3614 finished without error at Wed Jan 10 22:05:33 UTC 2018
