status file for recon-all
Sat Jan 13 22:08:58 UTC 2018
#@# MotionCor Sat Jan 13 22:09:05 UTC 2018
#@# Talairach Sat Jan 13 22:09:26 UTC 2018
#@# Talairach Failure Detection Sat Jan 13 22:13:05 UTC 2018
#@# Nu Intensity Correction Sat Jan 13 22:13:05 UTC 2018
#@# Intensity Normalization Sat Jan 13 22:18:01 UTC 2018
#@# Skull Stripping Sat Jan 13 22:23:17 UTC 2018
#@# EM Registration Sat Jan 13 23:10:21 UTC 2018
#@# CA Normalize Sat Jan 13 23:46:49 UTC 2018
#@# CA Reg Sat Jan 13 23:50:18 UTC 2018
#@# SubCort Seg Sun Jan 14 05:58:33 UTC 2018
#@# Merge ASeg Sun Jan 14 07:55:25 UTC 2018
#@# Intensity Normalization2 Sun Jan 14 07:55:25 UTC 2018
#@# Mask BFS Sun Jan 14 08:03:07 UTC 2018
#@# WM Segmentation Sun Jan 14 08:03:10 UTC 2018
#@# Fill Sun Jan 14 08:07:35 UTC 2018
#@# Tessellate lh Sun Jan 14 08:09:23 UTC 2018
#@# Tessellate rh Sun Jan 14 08:09:39 UTC 2018
#@# Smooth1 lh Sun Jan 14 08:09:53 UTC 2018
#@# Smooth1 rh Sun Jan 14 08:10:06 UTC 2018
#@# Inflation1 lh Sun Jan 14 08:10:19 UTC 2018
#@# Inflation1 rh Sun Jan 14 08:11:31 UTC 2018
#@# QSphere lh Sun Jan 14 08:12:43 UTC 2018
#@# QSphere rh Sun Jan 14 08:20:45 UTC 2018
#@# Fix Topology Copy lh Sun Jan 14 08:28:26 UTC 2018
#@# Fix Topology Copy rh Sun Jan 14 08:28:26 UTC 2018
#@# Fix Topology lh Sun Jan 14 08:28:26 UTC 2018
#@# Fix Topology rh Sun Jan 14 09:05:29 UTC 2018
#@# Make White Surf lh Sun Jan 14 10:00:54 UTC 2018
#@# Make White Surf rh Sun Jan 14 10:11:57 UTC 2018
#@# Smooth2 lh Sun Jan 14 10:23:02 UTC 2018
#@# Smooth2 rh Sun Jan 14 10:23:15 UTC 2018
#@# Inflation2 lh Sun Jan 14 10:23:26 UTC 2018
#@# Inflation2 rh Sun Jan 14 10:24:36 UTC 2018
#@# Curv .H and .K lh Sun Jan 14 10:25:47 UTC 2018
#@# Curv .H and .K rh Sun Jan 14 10:28:43 UTC 2018
#@# Curvature Stats lh Sun Jan 14 10:31:48 UTC 2018
#@# Curvature Stats rh Sun Jan 14 10:31:56 UTC 2018
#@# Sphere lh Sun Jan 14 10:32:05 UTC 2018
#@# Sphere rh Sun Jan 14 12:07:39 UTC 2018
#@# Surf Reg lh Sun Jan 14 14:03:25 UTC 2018
#@# Surf Reg rh Sun Jan 14 15:49:55 UTC 2018
#@# Jacobian white lh Sun Jan 14 17:31:11 UTC 2018
#@# Jacobian white rh Sun Jan 14 17:31:15 UTC 2018
#@# AvgCurv lh Sun Jan 14 17:31:18 UTC 2018
#@# AvgCurv rh Sun Jan 14 17:31:21 UTC 2018
#@# Cortical Parc lh Sun Jan 14 17:31:24 UTC 2018
#@# Cortical Parc rh Sun Jan 14 17:31:51 UTC 2018
#@# Make Pial Surf lh Sun Jan 14 17:32:20 UTC 2018
#@# Make Pial Surf rh Sun Jan 14 17:57:51 UTC 2018
#@# Surf Volume lh Sun Jan 14 18:22:35 UTC 2018
#@# Surf Volume rh Sun Jan 14 18:22:41 UTC 2018
#@# Cortical ribbon mask Sun Jan 14 18:22:47 UTC 2018
#@# Parcellation Stats lh Sun Jan 14 18:49:38 UTC 2018
#@# Parcellation Stats rh Sun Jan 14 18:52:23 UTC 2018
#@# Cortical Parc 2 lh Sun Jan 14 18:55:05 UTC 2018
#@# Cortical Parc 2 rh Sun Jan 14 18:55:41 UTC 2018
#@# Parcellation Stats 2 lh Sun Jan 14 18:56:17 UTC 2018
#@# Parcellation Stats 2 rh Sun Jan 14 18:57:45 UTC 2018
#@# Cortical Parc 3 lh Sun Jan 14 18:59:12 UTC 2018
#@# Cortical Parc 3 rh Sun Jan 14 18:59:41 UTC 2018
#@# Parcellation Stats 3 lh Sun Jan 14 19:00:12 UTC 2018
#@# Parcellation Stats 3 rh Sun Jan 14 19:01:34 UTC 2018
#@# WM/GM Contrast lh Sun Jan 14 19:02:55 UTC 2018
#@# WM/GM Contrast rh Sun Jan 14 19:03:07 UTC 2018
#@# Relabel Hypointensities Sun Jan 14 19:03:19 UTC 2018
#@# AParc-to-ASeg aparc Sun Jan 14 19:04:09 UTC 2018
#@# AParc-to-ASeg a2009s Sun Jan 14 19:13:34 UTC 2018
#@# AParc-to-ASeg DKTatlas Sun Jan 14 19:22:14 UTC 2018
#@# APas-to-ASeg Sun Jan 14 19:31:20 UTC 2018
#@# ASeg Stats Sun Jan 14 19:31:33 UTC 2018
#@# WMParc Sun Jan 14 19:39:37 UTC 2018
#@# BA_exvivo Labels lh Sun Jan 14 19:58:11 UTC 2018
#@# BA_exvivo Labels rh Sun Jan 14 20:06:56 UTC 2018
recon-all -s 3870 finished without error at Sun Jan 14 20:15:47 UTC 2018
