status file for recon-all
Fri Jan 19 03:36:01 UTC 2018
#@# MotionCor Fri Jan 19 03:36:12 UTC 2018
#@# Talairach Fri Jan 19 03:36:35 UTC 2018
#@# Talairach Failure Detection Fri Jan 19 03:40:47 UTC 2018
#@# Nu Intensity Correction Fri Jan 19 03:40:47 UTC 2018
#@# Intensity Normalization Fri Jan 19 03:46:20 UTC 2018
#@# Skull Stripping Fri Jan 19 03:52:09 UTC 2018
#@# EM Registration Fri Jan 19 05:14:15 UTC 2018
#@# CA Normalize Fri Jan 19 06:07:20 UTC 2018
#@# CA Reg Fri Jan 19 06:11:27 UTC 2018
#@# SubCort Seg Fri Jan 19 14:14:37 UTC 2018
#@# Merge ASeg Fri Jan 19 16:38:22 UTC 2018
#@# Intensity Normalization2 Fri Jan 19 16:38:22 UTC 2018
#@# Mask BFS Fri Jan 19 16:46:35 UTC 2018
#@# WM Segmentation Fri Jan 19 16:46:41 UTC 2018
#@# Fill Fri Jan 19 16:51:43 UTC 2018
#@# Tessellate lh Fri Jan 19 16:53:39 UTC 2018
#@# Tessellate rh Fri Jan 19 16:53:56 UTC 2018
#@# Smooth1 lh Fri Jan 19 16:54:11 UTC 2018
#@# Smooth1 rh Fri Jan 19 16:54:24 UTC 2018
#@# Inflation1 lh Fri Jan 19 16:54:37 UTC 2018
#@# Inflation1 rh Fri Jan 19 16:55:55 UTC 2018
#@# QSphere lh Fri Jan 19 16:57:14 UTC 2018
#@# QSphere rh Fri Jan 19 17:05:26 UTC 2018
#@# Fix Topology Copy lh Fri Jan 19 17:13:40 UTC 2018
#@# Fix Topology Copy rh Fri Jan 19 17:13:40 UTC 2018
#@# Fix Topology lh Fri Jan 19 17:13:41 UTC 2018
#@# Fix Topology rh Fri Jan 19 18:21:34 UTC 2018
#@# Make White Surf lh Fri Jan 19 19:52:01 UTC 2018
#@# Make White Surf rh Fri Jan 19 20:02:29 UTC 2018
#@# Smooth2 lh Fri Jan 19 20:12:31 UTC 2018
#@# Smooth2 rh Fri Jan 19 20:12:43 UTC 2018
#@# Inflation2 lh Fri Jan 19 20:12:54 UTC 2018
#@# Inflation2 rh Fri Jan 19 20:14:05 UTC 2018
#@# Curv .H and .K lh Fri Jan 19 20:15:13 UTC 2018
#@# Curv .H and .K rh Fri Jan 19 20:18:10 UTC 2018
#@# Curvature Stats lh Fri Jan 19 20:21:07 UTC 2018
#@# Curvature Stats rh Fri Jan 19 20:21:16 UTC 2018
#@# Sphere lh Fri Jan 19 20:21:24 UTC 2018
#@# Sphere rh Fri Jan 19 22:00:55 UTC 2018
#@# Surf Reg lh Sat Jan 20 00:08:45 UTC 2018
#@# Surf Reg rh Sat Jan 20 02:04:53 UTC 2018
#@# Jacobian white lh Sat Jan 20 03:59:34 UTC 2018
#@# Jacobian white rh Sat Jan 20 03:59:38 UTC 2018
#@# AvgCurv lh Sat Jan 20 03:59:41 UTC 2018
#@# AvgCurv rh Sat Jan 20 03:59:44 UTC 2018
#@# Cortical Parc lh Sat Jan 20 03:59:47 UTC 2018
#@# Cortical Parc rh Sat Jan 20 04:00:12 UTC 2018
#@# Make Pial Surf lh Sat Jan 20 04:00:38 UTC 2018
#@# Make Pial Surf rh Sat Jan 20 04:24:58 UTC 2018
#@# Surf Volume lh Sat Jan 20 04:49:47 UTC 2018
#@# Surf Volume rh Sat Jan 20 04:49:53 UTC 2018
#@# Cortical ribbon mask Sat Jan 20 04:49:58 UTC 2018
#@# Parcellation Stats lh Sat Jan 20 05:16:03 UTC 2018
#@# Parcellation Stats rh Sat Jan 20 05:18:27 UTC 2018
#@# Cortical Parc 2 lh Sat Jan 20 05:20:54 UTC 2018
#@# Cortical Parc 2 rh Sat Jan 20 05:21:27 UTC 2018
#@# Parcellation Stats 2 lh Sat Jan 20 05:21:59 UTC 2018
#@# Parcellation Stats 2 rh Sat Jan 20 05:23:13 UTC 2018
#@# Cortical Parc 3 lh Sat Jan 20 05:24:25 UTC 2018
#@# Cortical Parc 3 rh Sat Jan 20 05:24:54 UTC 2018
#@# Parcellation Stats 3 lh Sat Jan 20 05:25:20 UTC 2018
#@# Parcellation Stats 3 rh Sat Jan 20 05:26:35 UTC 2018
#@# WM/GM Contrast lh Sat Jan 20 05:27:47 UTC 2018
#@# WM/GM Contrast rh Sat Jan 20 05:27:59 UTC 2018
#@# Relabel Hypointensities Sat Jan 20 05:28:09 UTC 2018
#@# AParc-to-ASeg aparc Sat Jan 20 05:28:48 UTC 2018
#@# AParc-to-ASeg a2009s Sat Jan 20 05:36:21 UTC 2018
#@# AParc-to-ASeg DKTatlas Sat Jan 20 05:43:36 UTC 2018
#@# APas-to-ASeg Sat Jan 20 05:50:36 UTC 2018
#@# ASeg Stats Sat Jan 20 05:50:47 UTC 2018
#@# WMParc Sat Jan 20 05:55:25 UTC 2018
#@# BA_exvivo Labels lh Sat Jan 20 06:10:03 UTC 2018
#@# BA_exvivo Labels rh Sat Jan 20 06:17:47 UTC 2018
recon-all -s 4037 finished without error at Sat Jan 20 06:25:27 UTC 2018
