status file for recon-all
Fri Jan 19 03:35:20 UTC 2018
#@# MotionCor Fri Jan 19 03:35:26 UTC 2018
#@# Talairach Fri Jan 19 03:35:45 UTC 2018
#@# Talairach Failure Detection Fri Jan 19 03:39:52 UTC 2018
#@# Nu Intensity Correction Fri Jan 19 03:39:52 UTC 2018
#@# Intensity Normalization Fri Jan 19 03:45:38 UTC 2018
#@# Skull Stripping Fri Jan 19 03:51:19 UTC 2018
#@# EM Registration Fri Jan 19 04:49:59 UTC 2018
#@# CA Normalize Fri Jan 19 05:28:19 UTC 2018
#@# CA Reg Fri Jan 19 05:32:36 UTC 2018
#@# SubCort Seg Fri Jan 19 13:54:07 UTC 2018
#@# Merge ASeg Fri Jan 19 16:18:00 UTC 2018
#@# Intensity Normalization2 Fri Jan 19 16:18:00 UTC 2018
#@# Mask BFS Fri Jan 19 16:25:51 UTC 2018
#@# WM Segmentation Fri Jan 19 16:25:55 UTC 2018
#@# Fill Fri Jan 19 16:30:37 UTC 2018
#@# Tessellate lh Fri Jan 19 16:32:33 UTC 2018
#@# Tessellate rh Fri Jan 19 16:32:50 UTC 2018
#@# Smooth1 lh Fri Jan 19 16:33:05 UTC 2018
#@# Smooth1 rh Fri Jan 19 16:33:17 UTC 2018
#@# Inflation1 lh Fri Jan 19 16:33:30 UTC 2018
#@# Inflation1 rh Fri Jan 19 16:34:48 UTC 2018
#@# QSphere lh Fri Jan 19 16:36:02 UTC 2018
#@# QSphere rh Fri Jan 19 16:44:30 UTC 2018
#@# Fix Topology Copy lh Fri Jan 19 16:52:51 UTC 2018
#@# Fix Topology Copy rh Fri Jan 19 16:52:51 UTC 2018
#@# Fix Topology lh Fri Jan 19 16:52:52 UTC 2018
#@# Fix Topology rh Fri Jan 19 17:42:42 UTC 2018
#@# Make White Surf lh Fri Jan 19 18:18:44 UTC 2018
#@# Make White Surf rh Fri Jan 19 18:29:40 UTC 2018
#@# Smooth2 lh Fri Jan 19 18:40:13 UTC 2018
#@# Smooth2 rh Fri Jan 19 18:40:25 UTC 2018
#@# Inflation2 lh Fri Jan 19 18:40:36 UTC 2018
#@# Inflation2 rh Fri Jan 19 18:41:45 UTC 2018
#@# Curv .H and .K lh Fri Jan 19 18:42:51 UTC 2018
#@# Curv .H and .K rh Fri Jan 19 18:45:49 UTC 2018
#@# Curvature Stats lh Fri Jan 19 18:48:40 UTC 2018
#@# Curvature Stats rh Fri Jan 19 18:48:49 UTC 2018
#@# Sphere lh Fri Jan 19 18:48:57 UTC 2018
#@# Sphere rh Fri Jan 19 20:17:05 UTC 2018
#@# Surf Reg lh Fri Jan 19 22:05:30 UTC 2018
#@# Surf Reg rh Sat Jan 20 00:08:48 UTC 2018
#@# Jacobian white lh Sat Jan 20 02:09:00 UTC 2018
#@# Jacobian white rh Sat Jan 20 02:09:05 UTC 2018
#@# AvgCurv lh Sat Jan 20 02:09:10 UTC 2018
#@# AvgCurv rh Sat Jan 20 02:09:14 UTC 2018
#@# Cortical Parc lh Sat Jan 20 02:09:18 UTC 2018
#@# Cortical Parc rh Sat Jan 20 02:09:53 UTC 2018
#@# Make Pial Surf lh Sat Jan 20 02:10:25 UTC 2018
#@# Make Pial Surf rh Sat Jan 20 02:44:29 UTC 2018
#@# Surf Volume lh Sat Jan 20 03:18:03 UTC 2018
#@# Surf Volume rh Sat Jan 20 03:18:10 UTC 2018
#@# Cortical ribbon mask Sat Jan 20 03:18:16 UTC 2018
#@# Parcellation Stats lh Sat Jan 20 03:49:43 UTC 2018
#@# Parcellation Stats rh Sat Jan 20 03:52:24 UTC 2018
#@# Cortical Parc 2 lh Sat Jan 20 03:55:02 UTC 2018
#@# Cortical Parc 2 rh Sat Jan 20 03:55:38 UTC 2018
#@# Parcellation Stats 2 lh Sat Jan 20 03:56:13 UTC 2018
#@# Parcellation Stats 2 rh Sat Jan 20 03:57:34 UTC 2018
#@# Cortical Parc 3 lh Sat Jan 20 03:58:56 UTC 2018
#@# Cortical Parc 3 rh Sat Jan 20 03:59:23 UTC 2018
#@# Parcellation Stats 3 lh Sat Jan 20 03:59:50 UTC 2018
#@# Parcellation Stats 3 rh Sat Jan 20 04:01:05 UTC 2018
#@# WM/GM Contrast lh Sat Jan 20 04:02:22 UTC 2018
#@# WM/GM Contrast rh Sat Jan 20 04:02:34 UTC 2018
#@# Relabel Hypointensities Sat Jan 20 04:02:45 UTC 2018
#@# AParc-to-ASeg aparc Sat Jan 20 04:03:29 UTC 2018
#@# AParc-to-ASeg a2009s Sat Jan 20 04:12:27 UTC 2018
#@# AParc-to-ASeg DKTatlas Sat Jan 20 04:21:01 UTC 2018
#@# APas-to-ASeg Sat Jan 20 04:29:56 UTC 2018
#@# ASeg Stats Sat Jan 20 04:30:08 UTC 2018
#@# WMParc Sat Jan 20 04:38:25 UTC 2018
#@# BA_exvivo Labels lh Sat Jan 20 04:56:24 UTC 2018
#@# BA_exvivo Labels rh Sat Jan 20 05:05:18 UTC 2018
recon-all -s 4034 finished without error at Sat Jan 20 05:14:02 UTC 2018
