status file for recon-all
Fri Jan 19 03:34:35 UTC 2018
#@# MotionCor Fri Jan 19 03:34:40 UTC 2018
#@# Talairach Fri Jan 19 03:34:58 UTC 2018
#@# Talairach Failure Detection Fri Jan 19 03:38:31 UTC 2018
#@# Nu Intensity Correction Fri Jan 19 03:38:31 UTC 2018
#@# Intensity Normalization Fri Jan 19 03:43:52 UTC 2018
#@# Skull Stripping Fri Jan 19 03:49:14 UTC 2018
#@# EM Registration Fri Jan 19 04:40:23 UTC 2018
#@# CA Normalize Fri Jan 19 05:36:18 UTC 2018
#@# CA Reg Fri Jan 19 05:40:31 UTC 2018
#@# SubCort Seg Fri Jan 19 12:24:43 UTC 2018
#@# Merge ASeg Fri Jan 19 14:58:57 UTC 2018
#@# Intensity Normalization2 Fri Jan 19 14:58:58 UTC 2018
#@# Mask BFS Fri Jan 19 15:06:54 UTC 2018
#@# WM Segmentation Fri Jan 19 15:06:58 UTC 2018
#@# Fill Fri Jan 19 15:11:34 UTC 2018
#@# Tessellate lh Fri Jan 19 15:13:29 UTC 2018
#@# Tessellate rh Fri Jan 19 15:13:44 UTC 2018
#@# Smooth1 lh Fri Jan 19 15:13:59 UTC 2018
#@# Smooth1 rh Fri Jan 19 15:14:12 UTC 2018
#@# Inflation1 lh Fri Jan 19 15:14:23 UTC 2018
#@# Inflation1 rh Fri Jan 19 15:15:30 UTC 2018
#@# QSphere lh Fri Jan 19 15:16:41 UTC 2018
#@# QSphere rh Fri Jan 19 15:23:33 UTC 2018
#@# Fix Topology Copy lh Fri Jan 19 15:30:56 UTC 2018
#@# Fix Topology Copy rh Fri Jan 19 15:30:56 UTC 2018
#@# Fix Topology lh Fri Jan 19 15:30:56 UTC 2018
#@# Fix Topology rh Fri Jan 19 17:02:47 UTC 2018
#@# Make White Surf lh Fri Jan 19 18:15:28 UTC 2018
#@# Make White Surf rh Fri Jan 19 18:24:48 UTC 2018
#@# Smooth2 lh Fri Jan 19 18:34:24 UTC 2018
#@# Smooth2 rh Fri Jan 19 18:34:33 UTC 2018
#@# Inflation2 lh Fri Jan 19 18:34:43 UTC 2018
#@# Inflation2 rh Fri Jan 19 18:35:42 UTC 2018
#@# Curv .H and .K lh Fri Jan 19 18:36:44 UTC 2018
#@# Curv .H and .K rh Fri Jan 19 18:39:15 UTC 2018
#@# Curvature Stats lh Fri Jan 19 18:41:48 UTC 2018
#@# Curvature Stats rh Fri Jan 19 18:41:55 UTC 2018
#@# Sphere lh Fri Jan 19 18:42:02 UTC 2018
#@# Sphere rh Fri Jan 19 20:14:08 UTC 2018
#@# Surf Reg lh Fri Jan 19 22:12:50 UTC 2018
#@# Surf Reg rh Fri Jan 19 23:32:24 UTC 2018
#@# Jacobian white lh Sat Jan 20 01:22:18 UTC 2018
#@# Jacobian white rh Sat Jan 20 01:22:23 UTC 2018
#@# AvgCurv lh Sat Jan 20 01:22:28 UTC 2018
#@# AvgCurv rh Sat Jan 20 01:22:32 UTC 2018
#@# Cortical Parc lh Sat Jan 20 01:22:36 UTC 2018
#@# Cortical Parc rh Sat Jan 20 01:23:09 UTC 2018
#@# Make Pial Surf lh Sat Jan 20 01:23:40 UTC 2018
#@# Make Pial Surf rh Sat Jan 20 01:51:38 UTC 2018
#@# Surf Volume lh Sat Jan 20 02:19:12 UTC 2018
#@# Surf Volume rh Sat Jan 20 02:19:19 UTC 2018
#@# Cortical ribbon mask Sat Jan 20 02:19:26 UTC 2018
#@# Parcellation Stats lh Sat Jan 20 02:50:28 UTC 2018
#@# Parcellation Stats rh Sat Jan 20 02:53:41 UTC 2018
#@# Cortical Parc 2 lh Sat Jan 20 02:56:46 UTC 2018
#@# Cortical Parc 2 rh Sat Jan 20 02:57:30 UTC 2018
#@# Parcellation Stats 2 lh Sat Jan 20 02:58:12 UTC 2018
#@# Parcellation Stats 2 rh Sat Jan 20 02:59:47 UTC 2018
#@# Cortical Parc 3 lh Sat Jan 20 03:01:26 UTC 2018
#@# Cortical Parc 3 rh Sat Jan 20 03:02:03 UTC 2018
#@# Parcellation Stats 3 lh Sat Jan 20 03:02:38 UTC 2018
#@# Parcellation Stats 3 rh Sat Jan 20 03:04:12 UTC 2018
#@# WM/GM Contrast lh Sat Jan 20 03:05:45 UTC 2018
#@# WM/GM Contrast rh Sat Jan 20 03:06:01 UTC 2018
#@# Relabel Hypointensities Sat Jan 20 03:06:16 UTC 2018
#@# AParc-to-ASeg aparc Sat Jan 20 03:07:12 UTC 2018
#@# AParc-to-ASeg a2009s Sat Jan 20 03:18:24 UTC 2018
#@# AParc-to-ASeg DKTatlas Sat Jan 20 03:27:16 UTC 2018
#@# APas-to-ASeg Sat Jan 20 03:35:39 UTC 2018
#@# ASeg Stats Sat Jan 20 03:35:52 UTC 2018
#@# WMParc Sat Jan 20 03:42:25 UTC 2018
#@# BA_exvivo Labels lh Sat Jan 20 04:01:16 UTC 2018
#@# BA_exvivo Labels rh Sat Jan 20 04:09:02 UTC 2018
recon-all -s 4032 finished without error at Sat Jan 20 04:16:44 UTC 2018
