status file for recon-all
Mon Jan 15 18:36:16 UTC 2018
#@# MotionCor Mon Jan 15 18:36:24 UTC 2018
#@# Talairach Mon Jan 15 18:36:44 UTC 2018
#@# Talairach Failure Detection Mon Jan 15 18:40:08 UTC 2018
#@# Nu Intensity Correction Mon Jan 15 18:40:08 UTC 2018
#@# Intensity Normalization Mon Jan 15 18:44:36 UTC 2018
#@# Skull Stripping Mon Jan 15 18:49:35 UTC 2018
#@# EM Registration Mon Jan 15 19:32:52 UTC 2018
#@# CA Normalize Mon Jan 15 20:16:37 UTC 2018
#@# CA Reg Mon Jan 15 20:20:12 UTC 2018
#@# SubCort Seg Tue Jan 16 03:17:53 UTC 2018
#@# Merge ASeg Tue Jan 16 05:35:57 UTC 2018
#@# Intensity Normalization2 Tue Jan 16 05:35:57 UTC 2018
#@# Mask BFS Tue Jan 16 05:43:57 UTC 2018
#@# WM Segmentation Tue Jan 16 05:44:02 UTC 2018
#@# Fill Tue Jan 16 05:48:36 UTC 2018
#@# Tessellate lh Tue Jan 16 05:50:16 UTC 2018
#@# Tessellate rh Tue Jan 16 05:50:30 UTC 2018
#@# Smooth1 lh Tue Jan 16 05:50:44 UTC 2018
#@# Smooth1 rh Tue Jan 16 05:50:57 UTC 2018
#@# Inflation1 lh Tue Jan 16 05:51:11 UTC 2018
#@# Inflation1 rh Tue Jan 16 05:52:33 UTC 2018
#@# QSphere lh Tue Jan 16 05:53:50 UTC 2018
#@# QSphere rh Tue Jan 16 06:02:07 UTC 2018
#@# Fix Topology Copy lh Tue Jan 16 06:11:17 UTC 2018
#@# Fix Topology Copy rh Tue Jan 16 06:11:18 UTC 2018
#@# Fix Topology lh Tue Jan 16 06:11:18 UTC 2018
#@# Fix Topology rh Tue Jan 16 06:52:44 UTC 2018
#@# Make White Surf lh Tue Jan 16 07:30:48 UTC 2018
#@# Make White Surf rh Tue Jan 16 07:42:41 UTC 2018
#@# Smooth2 lh Tue Jan 16 07:54:39 UTC 2018
#@# Smooth2 rh Tue Jan 16 07:54:52 UTC 2018
#@# Inflation2 lh Tue Jan 16 07:55:04 UTC 2018
#@# Inflation2 rh Tue Jan 16 07:56:19 UTC 2018
#@# Curv .H and .K lh Tue Jan 16 07:57:35 UTC 2018
#@# Curv .H and .K rh Tue Jan 16 08:00:44 UTC 2018
#@# Curvature Stats lh Tue Jan 16 08:03:51 UTC 2018
#@# Curvature Stats rh Tue Jan 16 08:04:01 UTC 2018
#@# Sphere lh Tue Jan 16 08:04:09 UTC 2018
#@# Sphere rh Tue Jan 16 09:41:41 UTC 2018
#@# Surf Reg lh Tue Jan 16 11:35:55 UTC 2018
#@# Surf Reg rh Tue Jan 16 13:35:00 UTC 2018
#@# Jacobian white lh Tue Jan 16 15:36:30 UTC 2018
#@# Jacobian white rh Tue Jan 16 15:36:35 UTC 2018
#@# AvgCurv lh Tue Jan 16 15:36:40 UTC 2018
#@# AvgCurv rh Tue Jan 16 15:36:44 UTC 2018
#@# Cortical Parc lh Tue Jan 16 15:36:48 UTC 2018
#@# Cortical Parc rh Tue Jan 16 15:37:25 UTC 2018
#@# Make Pial Surf lh Tue Jan 16 15:38:02 UTC 2018
#@# Make Pial Surf rh Tue Jan 16 16:12:04 UTC 2018
#@# Surf Volume lh Tue Jan 16 16:45:19 UTC 2018
#@# Surf Volume rh Tue Jan 16 16:45:26 UTC 2018
#@# Cortical ribbon mask Tue Jan 16 16:45:32 UTC 2018
#@# Parcellation Stats lh Tue Jan 16 17:15:10 UTC 2018
#@# Parcellation Stats rh Tue Jan 16 17:17:47 UTC 2018
#@# Cortical Parc 2 lh Tue Jan 16 17:20:30 UTC 2018
#@# Cortical Parc 2 rh Tue Jan 16 17:21:04 UTC 2018
#@# Parcellation Stats 2 lh Tue Jan 16 17:21:38 UTC 2018
#@# Parcellation Stats 2 rh Tue Jan 16 17:23:01 UTC 2018
#@# Cortical Parc 3 lh Tue Jan 16 17:24:26 UTC 2018
#@# Cortical Parc 3 rh Tue Jan 16 17:24:53 UTC 2018
#@# Parcellation Stats 3 lh Tue Jan 16 17:25:21 UTC 2018
#@# Parcellation Stats 3 rh Tue Jan 16 17:26:36 UTC 2018
#@# WM/GM Contrast lh Tue Jan 16 17:27:55 UTC 2018
#@# WM/GM Contrast rh Tue Jan 16 17:28:06 UTC 2018
#@# Relabel Hypointensities Tue Jan 16 17:28:18 UTC 2018
#@# AParc-to-ASeg aparc Tue Jan 16 17:29:02 UTC 2018
#@# AParc-to-ASeg a2009s Tue Jan 16 17:36:59 UTC 2018
#@# AParc-to-ASeg DKTatlas Tue Jan 16 17:45:01 UTC 2018
#@# APas-to-ASeg Tue Jan 16 17:53:19 UTC 2018
#@# ASeg Stats Tue Jan 16 17:53:33 UTC 2018
#@# WMParc Tue Jan 16 18:02:27 UTC 2018
#@# BA_exvivo Labels lh Tue Jan 16 18:21:50 UTC 2018
#@# BA_exvivo Labels rh Tue Jan 16 18:30:43 UTC 2018
recon-all -s 4069 finished without error at Tue Jan 16 18:39:22 UTC 2018
