status file for recon-all
Fri Dec 29 00:27:12 UTC 2017
#@# MotionCor Fri Dec 29 00:27:16 UTC 2017
#@# Talairach Fri Dec 29 00:27:34 UTC 2017



New invocation of recon-all 



status file for recon-all
Sun Dec 31 16:33:42 UTC 2017
#@# Talairach Sun Dec 31 16:33:42 UTC 2017
#@# Talairach Failure Detection Sun Dec 31 16:36:23 UTC 2017
#@# Nu Intensity Correction Sun Dec 31 16:36:23 UTC 2017
#@# Intensity Normalization Sun Dec 31 16:39:49 UTC 2017
#@# Skull Stripping Sun Dec 31 16:43:36 UTC 2017
#@# EM Registration Sun Dec 31 17:16:15 UTC 2017
#@# CA Normalize Sun Dec 31 17:44:07 UTC 2017
#@# CA Reg Sun Dec 31 17:46:53 UTC 2017
#@# SubCort Seg Sun Dec 31 21:59:00 UTC 2017
#@# Merge ASeg Sun Dec 31 23:35:27 UTC 2017
#@# Intensity Normalization2 Sun Dec 31 23:35:27 UTC 2017
#@# Mask BFS Sun Dec 31 23:41:44 UTC 2017
#@# WM Segmentation Sun Dec 31 23:41:48 UTC 2017
#@# Fill Sun Dec 31 23:45:14 UTC 2017
#@# Tessellate lh Sun Dec 31 23:46:46 UTC 2017
#@# Tessellate rh Sun Dec 31 23:46:57 UTC 2017
#@# Smooth1 lh Sun Dec 31 23:47:09 UTC 2017
#@# Smooth1 rh Sun Dec 31 23:47:18 UTC 2017
#@# Inflation1 lh Sun Dec 31 23:47:26 UTC 2017
#@# Inflation1 rh Sun Dec 31 23:48:20 UTC 2017
#@# QSphere lh Sun Dec 31 23:49:15 UTC 2017
#@# QSphere rh Sun Dec 31 23:55:11 UTC 2017
#@# Fix Topology Copy lh Mon Jan  1 00:01:29 UTC 2018
#@# Fix Topology Copy rh Mon Jan  1 00:01:29 UTC 2018
#@# Fix Topology lh Mon Jan  1 00:01:29 UTC 2018
#@# Fix Topology rh Mon Jan  1 00:22:48 UTC 2018
#@# Make White Surf lh Mon Jan  1 00:53:04 UTC 2018
#@# Make White Surf rh Mon Jan  1 01:01:35 UTC 2018
#@# Smooth2 lh Mon Jan  1 01:10:13 UTC 2018
#@# Smooth2 rh Mon Jan  1 01:10:22 UTC 2018
#@# Inflation2 lh Mon Jan  1 01:10:31 UTC 2018
#@# Inflation2 rh Mon Jan  1 01:11:25 UTC 2018
#@# Curv .H and .K lh Mon Jan  1 01:12:20 UTC 2018
#@# Curv .H and .K rh Mon Jan  1 01:14:34 UTC 2018
#@# Curvature Stats lh Mon Jan  1 01:16:52 UTC 2018
#@# Curvature Stats rh Mon Jan  1 01:16:58 UTC 2018
#@# Sphere lh Mon Jan  1 01:17:04 UTC 2018
#@# Sphere rh Mon Jan  1 02:31:19 UTC 2018
#@# Surf Reg lh Mon Jan  1 03:39:18 UTC 2018
#@# Surf Reg rh Mon Jan  1 04:48:55 UTC 2018
#@# Jacobian white lh Mon Jan  1 06:10:50 UTC 2018
#@# Jacobian white rh Mon Jan  1 06:10:54 UTC 2018
#@# AvgCurv lh Mon Jan  1 06:10:57 UTC 2018
#@# AvgCurv rh Mon Jan  1 06:11:00 UTC 2018
#@# Cortical Parc lh Mon Jan  1 06:11:03 UTC 2018
#@# Cortical Parc rh Mon Jan  1 06:11:36 UTC 2018
#@# Make Pial Surf lh Mon Jan  1 06:12:08 UTC 2018
#@# Make Pial Surf rh Mon Jan  1 06:35:08 UTC 2018
#@# Surf Volume lh Mon Jan  1 06:58:33 UTC 2018
#@# Surf Volume rh Mon Jan  1 06:58:38 UTC 2018
#@# Cortical ribbon mask Mon Jan  1 06:58:43 UTC 2018
#@# Parcellation Stats lh Mon Jan  1 07:20:18 UTC 2018
#@# Parcellation Stats rh Mon Jan  1 07:22:28 UTC 2018
#@# Cortical Parc 2 lh Mon Jan  1 07:24:39 UTC 2018
#@# Cortical Parc 2 rh Mon Jan  1 07:25:09 UTC 2018
#@# Parcellation Stats 2 lh Mon Jan  1 07:25:40 UTC 2018
#@# Parcellation Stats 2 rh Mon Jan  1 07:26:45 UTC 2018
#@# Cortical Parc 3 lh Mon Jan  1 07:27:52 UTC 2018
#@# Cortical Parc 3 rh Mon Jan  1 07:28:17 UTC 2018
#@# Parcellation Stats 3 lh Mon Jan  1 07:28:42 UTC 2018
#@# Parcellation Stats 3 rh Mon Jan  1 07:29:49 UTC 2018
#@# WM/GM Contrast lh Mon Jan  1 07:30:54 UTC 2018
#@# WM/GM Contrast rh Mon Jan  1 07:31:03 UTC 2018
#@# Relabel Hypointensities Mon Jan  1 07:31:12 UTC 2018
#@# AParc-to-ASeg aparc Mon Jan  1 07:31:50 UTC 2018
#@# AParc-to-ASeg a2009s Mon Jan  1 07:39:51 UTC 2018
#@# AParc-to-ASeg DKTatlas Mon Jan  1 07:47:46 UTC 2018
#@# APas-to-ASeg Mon Jan  1 07:55:43 UTC 2018
#@# ASeg Stats Mon Jan  1 07:55:55 UTC 2018
#@# WMParc Mon Jan  1 08:03:07 UTC 2018
#@# BA_exvivo Labels lh Mon Jan  1 08:21:03 UTC 2018
#@# BA_exvivo Labels rh Mon Jan  1 08:29:09 UTC 2018
recon-all -s 3066 finished without error at Mon Jan  1 08:37:04 UTC 2018
