status file for recon-all
Fri Jan 12 18:04:09 UTC 2018
#@# MotionCor Fri Jan 12 18:04:18 UTC 2018
#@# Talairach Fri Jan 12 18:04:41 UTC 2018
#@# Talairach Failure Detection Fri Jan 12 18:08:37 UTC 2018
#@# Nu Intensity Correction Fri Jan 12 18:08:38 UTC 2018
#@# Intensity Normalization Fri Jan 12 18:13:40 UTC 2018
#@# Skull Stripping Fri Jan 12 18:19:06 UTC 2018
#@# EM Registration Fri Jan 12 19:06:49 UTC 2018
#@# CA Normalize Fri Jan 12 19:40:29 UTC 2018
#@# CA Reg Fri Jan 12 19:44:18 UTC 2018
#@# SubCort Seg Sat Jan 13 00:32:19 UTC 2018
#@# Merge ASeg Sat Jan 13 02:09:50 UTC 2018
#@# Intensity Normalization2 Sat Jan 13 02:09:50 UTC 2018
#@# Mask BFS Sat Jan 13 02:15:45 UTC 2018
#@# WM Segmentation Sat Jan 13 02:15:48 UTC 2018
#@# Fill Sat Jan 13 02:19:16 UTC 2018
#@# Tessellate lh Sat Jan 13 02:20:35 UTC 2018
#@# Tessellate rh Sat Jan 13 02:20:44 UTC 2018
#@# Smooth1 lh Sat Jan 13 02:20:52 UTC 2018
#@# Smooth1 rh Sat Jan 13 02:21:00 UTC 2018
#@# Inflation1 lh Sat Jan 13 02:21:08 UTC 2018
#@# Inflation1 rh Sat Jan 13 02:21:56 UTC 2018
#@# QSphere lh Sat Jan 13 02:22:43 UTC 2018
#@# QSphere rh Sat Jan 13 02:27:55 UTC 2018
#@# Fix Topology Copy lh Sat Jan 13 02:33:12 UTC 2018
#@# Fix Topology Copy rh Sat Jan 13 02:33:12 UTC 2018
#@# Fix Topology lh Sat Jan 13 02:33:13 UTC 2018
#@# Fix Topology rh Sat Jan 13 03:07:30 UTC 2018
#@# Make White Surf lh Sat Jan 13 03:46:12 UTC 2018
#@# Make White Surf rh Sat Jan 13 03:53:34 UTC 2018
#@# Smooth2 lh Sat Jan 13 04:00:57 UTC 2018
#@# Smooth2 rh Sat Jan 13 04:01:05 UTC 2018
#@# Inflation2 lh Sat Jan 13 04:01:12 UTC 2018
#@# Inflation2 rh Sat Jan 13 04:01:59 UTC 2018
#@# Curv .H and .K lh Sat Jan 13 04:02:46 UTC 2018
#@# Curv .H and .K rh Sat Jan 13 04:04:43 UTC 2018
#@# Curvature Stats lh Sat Jan 13 04:06:40 UTC 2018
#@# Curvature Stats rh Sat Jan 13 04:06:45 UTC 2018
#@# Sphere lh Sat Jan 13 04:06:51 UTC 2018
#@# Sphere rh Sat Jan 13 05:23:19 UTC 2018
#@# Surf Reg lh Sat Jan 13 06:30:09 UTC 2018
#@# Surf Reg rh Sat Jan 13 07:38:38 UTC 2018
#@# Jacobian white lh Sat Jan 13 08:49:30 UTC 2018
#@# Jacobian white rh Sat Jan 13 08:49:33 UTC 2018
#@# AvgCurv lh Sat Jan 13 08:49:35 UTC 2018
#@# AvgCurv rh Sat Jan 13 08:49:38 UTC 2018
#@# Cortical Parc lh Sat Jan 13 08:49:40 UTC 2018
#@# Cortical Parc rh Sat Jan 13 08:50:02 UTC 2018
#@# Make Pial Surf lh Sat Jan 13 08:50:24 UTC 2018
#@# Make Pial Surf rh Sat Jan 13 09:10:14 UTC 2018
#@# Surf Volume lh Sat Jan 13 09:30:18 UTC 2018
#@# Surf Volume rh Sat Jan 13 09:30:23 UTC 2018
#@# Cortical ribbon mask Sat Jan 13 09:30:28 UTC 2018
#@# Parcellation Stats lh Sat Jan 13 09:48:36 UTC 2018
#@# Parcellation Stats rh Sat Jan 13 09:50:46 UTC 2018
#@# Cortical Parc 2 lh Sat Jan 13 09:52:58 UTC 2018
#@# Cortical Parc 2 rh Sat Jan 13 09:53:27 UTC 2018
#@# Parcellation Stats 2 lh Sat Jan 13 09:53:57 UTC 2018
#@# Parcellation Stats 2 rh Sat Jan 13 09:55:02 UTC 2018
#@# Cortical Parc 3 lh Sat Jan 13 09:56:09 UTC 2018
#@# Cortical Parc 3 rh Sat Jan 13 09:56:34 UTC 2018
#@# Parcellation Stats 3 lh Sat Jan 13 09:56:57 UTC 2018
#@# Parcellation Stats 3 rh Sat Jan 13 09:58:00 UTC 2018
#@# WM/GM Contrast lh Sat Jan 13 09:59:05 UTC 2018
#@# WM/GM Contrast rh Sat Jan 13 09:59:15 UTC 2018
#@# Relabel Hypointensities Sat Jan 13 09:59:24 UTC 2018
#@# AParc-to-ASeg aparc Sat Jan 13 10:00:01 UTC 2018
#@# AParc-to-ASeg a2009s Sat Jan 13 10:08:33 UTC 2018
#@# AParc-to-ASeg DKTatlas Sat Jan 13 10:17:03 UTC 2018
#@# APas-to-ASeg Sat Jan 13 10:25:40 UTC 2018
#@# ASeg Stats Sat Jan 13 10:25:52 UTC 2018
#@# WMParc Sat Jan 13 10:32:19 UTC 2018
#@# BA_exvivo Labels lh Sat Jan 13 10:51:59 UTC 2018
#@# BA_exvivo Labels rh Sat Jan 13 11:00:19 UTC 2018
recon-all -s 3826 finished without error at Sat Jan 13 11:08:36 UTC 2018
