status file for recon-all
Sat Jan 13 22:08:47 UTC 2018
#@# MotionCor Sat Jan 13 22:08:53 UTC 2018
#@# Talairach Sat Jan 13 22:09:13 UTC 2018
#@# Talairach Failure Detection Sat Jan 13 22:12:27 UTC 2018
#@# Nu Intensity Correction Sat Jan 13 22:12:27 UTC 2018
#@# Intensity Normalization Sat Jan 13 22:16:35 UTC 2018
#@# Skull Stripping Sat Jan 13 22:21:35 UTC 2018
#@# EM Registration Sat Jan 13 23:03:42 UTC 2018
#@# CA Normalize Sat Jan 13 23:44:26 UTC 2018
#@# CA Reg Sat Jan 13 23:48:10 UTC 2018
#@# SubCort Seg Sun Jan 14 05:57:56 UTC 2018
#@# Merge ASeg Sun Jan 14 08:15:22 UTC 2018
#@# Intensity Normalization2 Sun Jan 14 08:15:22 UTC 2018
#@# Mask BFS Sun Jan 14 08:23:36 UTC 2018
#@# WM Segmentation Sun Jan 14 08:23:40 UTC 2018
#@# Fill Sun Jan 14 08:28:46 UTC 2018
#@# Tessellate lh Sun Jan 14 08:30:40 UTC 2018
#@# Tessellate rh Sun Jan 14 08:30:53 UTC 2018
#@# Smooth1 lh Sun Jan 14 08:31:07 UTC 2018
#@# Smooth1 rh Sun Jan 14 08:31:19 UTC 2018
#@# Inflation1 lh Sun Jan 14 08:31:31 UTC 2018
#@# Inflation1 rh Sun Jan 14 08:32:41 UTC 2018
#@# QSphere lh Sun Jan 14 08:33:53 UTC 2018
#@# QSphere rh Sun Jan 14 08:40:58 UTC 2018
#@# Fix Topology Copy lh Sun Jan 14 08:48:12 UTC 2018
#@# Fix Topology Copy rh Sun Jan 14 08:48:13 UTC 2018
#@# Fix Topology lh Sun Jan 14 08:48:13 UTC 2018
#@# Fix Topology rh Sun Jan 14 11:58:55 UTC 2018
#@# Make White Surf lh Sun Jan 14 14:53:48 UTC 2018
#@# Make White Surf rh Sun Jan 14 15:04:04 UTC 2018
#@# Smooth2 lh Sun Jan 14 15:13:25 UTC 2018
#@# Smooth2 rh Sun Jan 14 15:13:35 UTC 2018
#@# Inflation2 lh Sun Jan 14 15:13:47 UTC 2018
#@# Inflation2 rh Sun Jan 14 15:14:55 UTC 2018
#@# Curv .H and .K lh Sun Jan 14 15:16:05 UTC 2018
#@# Curv .H and .K rh Sun Jan 14 15:18:58 UTC 2018
#@# Curvature Stats lh Sun Jan 14 15:21:47 UTC 2018
#@# Curvature Stats rh Sun Jan 14 15:21:55 UTC 2018
#@# Sphere lh Sun Jan 14 15:22:02 UTC 2018
#@# Sphere rh Sun Jan 14 17:02:24 UTC 2018
#@# Surf Reg lh Sun Jan 14 18:28:43 UTC 2018
#@# Surf Reg rh Sun Jan 14 19:44:00 UTC 2018
#@# Jacobian white lh Sun Jan 14 20:46:49 UTC 2018
#@# Jacobian white rh Sun Jan 14 20:46:52 UTC 2018
#@# AvgCurv lh Sun Jan 14 20:46:55 UTC 2018
#@# AvgCurv rh Sun Jan 14 20:46:57 UTC 2018
#@# Cortical Parc lh Sun Jan 14 20:47:00 UTC 2018
#@# Cortical Parc rh Sun Jan 14 20:47:22 UTC 2018
#@# Make Pial Surf lh Sun Jan 14 20:47:43 UTC 2018
#@# Make Pial Surf rh Sun Jan 14 21:09:44 UTC 2018
#@# Surf Volume lh Sun Jan 14 21:31:28 UTC 2018
#@# Surf Volume rh Sun Jan 14 21:31:33 UTC 2018
#@# Cortical ribbon mask Sun Jan 14 21:31:38 UTC 2018
#@# Parcellation Stats lh Sun Jan 14 21:50:17 UTC 2018
#@# Parcellation Stats rh Sun Jan 14 21:52:25 UTC 2018
#@# Cortical Parc 2 lh Sun Jan 14 21:54:28 UTC 2018
#@# Cortical Parc 2 rh Sun Jan 14 21:54:56 UTC 2018
#@# Parcellation Stats 2 lh Sun Jan 14 21:55:23 UTC 2018
#@# Parcellation Stats 2 rh Sun Jan 14 21:56:27 UTC 2018
#@# Cortical Parc 3 lh Sun Jan 14 21:57:30 UTC 2018
#@# Cortical Parc 3 rh Sun Jan 14 21:57:51 UTC 2018
#@# Parcellation Stats 3 lh Sun Jan 14 21:58:12 UTC 2018
#@# Parcellation Stats 3 rh Sun Jan 14 21:59:15 UTC 2018
#@# WM/GM Contrast lh Sun Jan 14 22:00:16 UTC 2018
#@# WM/GM Contrast rh Sun Jan 14 22:00:26 UTC 2018
#@# Relabel Hypointensities Sun Jan 14 22:00:35 UTC 2018
#@# AParc-to-ASeg aparc Sun Jan 14 22:01:09 UTC 2018
#@# AParc-to-ASeg a2009s Sun Jan 14 22:08:06 UTC 2018
#@# AParc-to-ASeg DKTatlas Sun Jan 14 22:15:01 UTC 2018
#@# APas-to-ASeg Sun Jan 14 22:21:55 UTC 2018
#@# ASeg Stats Sun Jan 14 22:22:06 UTC 2018
#@# WMParc Sun Jan 14 22:26:22 UTC 2018
#@# BA_exvivo Labels lh Sun Jan 14 22:40:39 UTC 2018
#@# BA_exvivo Labels rh Sun Jan 14 22:48:17 UTC 2018
recon-all -s 3868 finished without error at Sun Jan 14 22:55:49 UTC 2018
