status file for recon-all
Sat Jan 13 22:08:32 UTC 2018
#@# MotionCor Sat Jan 13 22:08:39 UTC 2018
#@# Talairach Sat Jan 13 22:08:58 UTC 2018
#@# Talairach Failure Detection Sat Jan 13 22:12:30 UTC 2018
#@# Nu Intensity Correction Sat Jan 13 22:12:30 UTC 2018
#@# Intensity Normalization Sat Jan 13 22:16:57 UTC 2018
#@# Skull Stripping Sat Jan 13 22:21:42 UTC 2018
#@# EM Registration Sat Jan 13 22:58:02 UTC 2018
#@# CA Normalize Sat Jan 13 23:38:41 UTC 2018
#@# CA Reg Sat Jan 13 23:42:14 UTC 2018
#@# SubCort Seg Sun Jan 14 05:34:26 UTC 2018
#@# Merge ASeg Sun Jan 14 07:26:07 UTC 2018
#@# Intensity Normalization2 Sun Jan 14 07:26:07 UTC 2018
#@# Mask BFS Sun Jan 14 07:34:01 UTC 2018
#@# WM Segmentation Sun Jan 14 07:34:05 UTC 2018
#@# Fill Sun Jan 14 07:38:14 UTC 2018
#@# Tessellate lh Sun Jan 14 07:40:03 UTC 2018
#@# Tessellate rh Sun Jan 14 07:40:16 UTC 2018
#@# Smooth1 lh Sun Jan 14 07:40:29 UTC 2018
#@# Smooth1 rh Sun Jan 14 07:40:38 UTC 2018
#@# Inflation1 lh Sun Jan 14 07:40:50 UTC 2018
#@# Inflation1 rh Sun Jan 14 07:41:45 UTC 2018
#@# QSphere lh Sun Jan 14 07:42:41 UTC 2018
#@# QSphere rh Sun Jan 14 07:48:59 UTC 2018
#@# Fix Topology Copy lh Sun Jan 14 07:55:11 UTC 2018
#@# Fix Topology Copy rh Sun Jan 14 07:55:11 UTC 2018
#@# Fix Topology lh Sun Jan 14 07:55:11 UTC 2018
#@# Fix Topology rh Sun Jan 14 08:26:24 UTC 2018
#@# Make White Surf lh Sun Jan 14 08:51:27 UTC 2018
#@# Make White Surf rh Sun Jan 14 09:00:16 UTC 2018
#@# Smooth2 lh Sun Jan 14 09:08:47 UTC 2018
#@# Smooth2 rh Sun Jan 14 09:08:56 UTC 2018
#@# Inflation2 lh Sun Jan 14 09:09:05 UTC 2018
#@# Inflation2 rh Sun Jan 14 09:10:00 UTC 2018
#@# Curv .H and .K lh Sun Jan 14 09:10:56 UTC 2018
#@# Curv .H and .K rh Sun Jan 14 09:13:19 UTC 2018
#@# Curvature Stats lh Sun Jan 14 09:15:42 UTC 2018
#@# Curvature Stats rh Sun Jan 14 09:15:50 UTC 2018
#@# Sphere lh Sun Jan 14 09:15:56 UTC 2018
#@# Sphere rh Sun Jan 14 10:00:18 UTC 2018
#@# Surf Reg lh Sun Jan 14 10:44:49 UTC 2018
#@# Surf Reg rh Sun Jan 14 12:00:02 UTC 2018
#@# Jacobian white lh Sun Jan 14 13:19:56 UTC 2018
#@# Jacobian white rh Sun Jan 14 13:20:00 UTC 2018
#@# AvgCurv lh Sun Jan 14 13:20:03 UTC 2018
#@# AvgCurv rh Sun Jan 14 13:20:06 UTC 2018
#@# Cortical Parc lh Sun Jan 14 13:20:09 UTC 2018
#@# Cortical Parc rh Sun Jan 14 13:20:34 UTC 2018
#@# Make Pial Surf lh Sun Jan 14 13:21:00 UTC 2018
#@# Make Pial Surf rh Sun Jan 14 13:44:34 UTC 2018
#@# Surf Volume lh Sun Jan 14 14:08:31 UTC 2018
#@# Surf Volume rh Sun Jan 14 14:08:38 UTC 2018
#@# Cortical ribbon mask Sun Jan 14 14:08:43 UTC 2018
#@# Parcellation Stats lh Sun Jan 14 14:32:36 UTC 2018
#@# Parcellation Stats rh Sun Jan 14 14:35:19 UTC 2018
#@# Cortical Parc 2 lh Sun Jan 14 14:38:01 UTC 2018
#@# Cortical Parc 2 rh Sun Jan 14 14:38:36 UTC 2018
#@# Parcellation Stats 2 lh Sun Jan 14 14:39:14 UTC 2018
#@# Parcellation Stats 2 rh Sun Jan 14 14:40:34 UTC 2018
#@# Cortical Parc 3 lh Sun Jan 14 14:41:58 UTC 2018
#@# Cortical Parc 3 rh Sun Jan 14 14:42:28 UTC 2018
#@# Parcellation Stats 3 lh Sun Jan 14 14:42:56 UTC 2018
#@# Parcellation Stats 3 rh Sun Jan 14 14:44:16 UTC 2018
#@# WM/GM Contrast lh Sun Jan 14 14:45:34 UTC 2018
#@# WM/GM Contrast rh Sun Jan 14 14:45:47 UTC 2018
#@# Relabel Hypointensities Sun Jan 14 14:46:00 UTC 2018
#@# AParc-to-ASeg aparc Sun Jan 14 14:46:49 UTC 2018
#@# AParc-to-ASeg a2009s Sun Jan 14 14:57:31 UTC 2018
#@# AParc-to-ASeg DKTatlas Sun Jan 14 15:08:10 UTC 2018
#@# APas-to-ASeg Sun Jan 14 15:18:49 UTC 2018
#@# ASeg Stats Sun Jan 14 15:19:04 UTC 2018
#@# WMParc Sun Jan 14 15:27:09 UTC 2018
#@# BA_exvivo Labels lh Sun Jan 14 15:46:54 UTC 2018
#@# BA_exvivo Labels rh Sun Jan 14 15:56:08 UTC 2018
recon-all -s 3866 finished without error at Sun Jan 14 16:05:54 UTC 2018
