status file for recon-all
Tue Jan 16 21:25:22 UTC 2018
#@# MotionCor Tue Jan 16 21:25:31 UTC 2018
#@# Talairach Tue Jan 16 21:25:54 UTC 2018
#@# Talairach Failure Detection Tue Jan 16 21:28:34 UTC 2018
#@# Nu Intensity Correction Tue Jan 16 21:28:34 UTC 2018
#@# Intensity Normalization Tue Jan 16 21:31:53 UTC 2018
#@# Skull Stripping Tue Jan 16 21:35:11 UTC 2018
#@# EM Registration Tue Jan 16 22:10:47 UTC 2018
#@# CA Normalize Tue Jan 16 22:41:54 UTC 2018
#@# CA Reg Tue Jan 16 22:44:37 UTC 2018
#@# SubCort Seg Wed Jan 17 03:04:42 UTC 2018
#@# Merge ASeg Wed Jan 17 04:43:47 UTC 2018
#@# Intensity Normalization2 Wed Jan 17 04:43:47 UTC 2018
#@# Mask BFS Wed Jan 17 04:50:09 UTC 2018
#@# WM Segmentation Wed Jan 17 04:50:13 UTC 2018
#@# Fill Wed Jan 17 04:53:57 UTC 2018
#@# Tessellate lh Wed Jan 17 04:55:32 UTC 2018
#@# Tessellate rh Wed Jan 17 04:55:42 UTC 2018
#@# Smooth1 lh Wed Jan 17 04:55:52 UTC 2018
#@# Smooth1 rh Wed Jan 17 04:56:01 UTC 2018
#@# Inflation1 lh Wed Jan 17 04:56:10 UTC 2018
#@# Inflation1 rh Wed Jan 17 04:57:01 UTC 2018
#@# QSphere lh Wed Jan 17 04:57:52 UTC 2018
#@# QSphere rh Wed Jan 17 05:03:19 UTC 2018
#@# Fix Topology Copy lh Wed Jan 17 05:08:46 UTC 2018
#@# Fix Topology Copy rh Wed Jan 17 05:08:46 UTC 2018
#@# Fix Topology lh Wed Jan 17 05:08:46 UTC 2018
#@# Fix Topology rh Wed Jan 17 06:45:54 UTC 2018
#@# Make White Surf lh Wed Jan 17 07:53:03 UTC 2018
#@# Make White Surf rh Wed Jan 17 08:00:53 UTC 2018
#@# Smooth2 lh Wed Jan 17 08:08:42 UTC 2018
#@# Smooth2 rh Wed Jan 17 08:08:50 UTC 2018
#@# Inflation2 lh Wed Jan 17 08:08:58 UTC 2018
#@# Inflation2 rh Wed Jan 17 08:09:50 UTC 2018
#@# Curv .H and .K lh Wed Jan 17 08:10:42 UTC 2018
#@# Curv .H and .K rh Wed Jan 17 08:12:49 UTC 2018
#@# Curvature Stats lh Wed Jan 17 08:14:53 UTC 2018
#@# Curvature Stats rh Wed Jan 17 08:14:59 UTC 2018
#@# Sphere lh Wed Jan 17 08:15:04 UTC 2018
#@# Sphere rh Wed Jan 17 09:36:22 UTC 2018
#@# Surf Reg lh Wed Jan 17 10:19:29 UTC 2018
#@# Surf Reg rh Wed Jan 17 11:25:52 UTC 2018
#@# Jacobian white lh Wed Jan 17 12:35:02 UTC 2018
#@# Jacobian white rh Wed Jan 17 12:35:05 UTC 2018
#@# AvgCurv lh Wed Jan 17 12:35:08 UTC 2018
#@# AvgCurv rh Wed Jan 17 12:35:10 UTC 2018
#@# Cortical Parc lh Wed Jan 17 12:35:13 UTC 2018
#@# Cortical Parc rh Wed Jan 17 12:35:37 UTC 2018
#@# Make Pial Surf lh Wed Jan 17 12:35:58 UTC 2018
#@# Make Pial Surf rh Wed Jan 17 12:58:57 UTC 2018
#@# Surf Volume lh Wed Jan 17 13:20:30 UTC 2018
#@# Surf Volume rh Wed Jan 17 13:20:35 UTC 2018
#@# Cortical ribbon mask Wed Jan 17 13:20:40 UTC 2018
#@# Parcellation Stats lh Wed Jan 17 13:38:43 UTC 2018
#@# Parcellation Stats rh Wed Jan 17 13:40:47 UTC 2018
#@# Cortical Parc 2 lh Wed Jan 17 13:42:58 UTC 2018
#@# Cortical Parc 2 rh Wed Jan 17 13:43:29 UTC 2018
#@# Parcellation Stats 2 lh Wed Jan 17 13:43:59 UTC 2018
#@# Parcellation Stats 2 rh Wed Jan 17 13:45:09 UTC 2018
#@# Cortical Parc 3 lh Wed Jan 17 13:46:15 UTC 2018
#@# Cortical Parc 3 rh Wed Jan 17 13:46:40 UTC 2018
#@# Parcellation Stats 3 lh Wed Jan 17 13:47:02 UTC 2018
#@# Parcellation Stats 3 rh Wed Jan 17 13:48:06 UTC 2018
#@# WM/GM Contrast lh Wed Jan 17 13:49:09 UTC 2018
#@# WM/GM Contrast rh Wed Jan 17 13:49:21 UTC 2018
#@# Relabel Hypointensities Wed Jan 17 13:49:32 UTC 2018
#@# AParc-to-ASeg aparc Wed Jan 17 13:50:09 UTC 2018
#@# AParc-to-ASeg a2009s Wed Jan 17 13:57:59 UTC 2018
#@# AParc-to-ASeg DKTatlas Wed Jan 17 14:05:22 UTC 2018
#@# APas-to-ASeg Wed Jan 17 14:12:41 UTC 2018
#@# ASeg Stats Wed Jan 17 14:12:52 UTC 2018
#@# WMParc Wed Jan 17 14:18:20 UTC 2018
#@# BA_exvivo Labels lh Wed Jan 17 14:32:57 UTC 2018
#@# BA_exvivo Labels rh Wed Jan 17 14:40:03 UTC 2018
recon-all -s 4123 finished without error at Wed Jan 17 14:47:08 UTC 2018
