status file for recon-all
Tue Jan 16 21:25:08 UTC 2018
#@# MotionCor Tue Jan 16 21:25:16 UTC 2018
#@# Talairach Tue Jan 16 21:25:37 UTC 2018
#@# Talairach Failure Detection Tue Jan 16 21:28:22 UTC 2018
#@# Nu Intensity Correction Tue Jan 16 21:28:23 UTC 2018
#@# Intensity Normalization Tue Jan 16 21:31:47 UTC 2018
#@# Skull Stripping Tue Jan 16 21:35:42 UTC 2018
#@# EM Registration Tue Jan 16 22:12:24 UTC 2018
#@# CA Normalize Tue Jan 16 22:47:29 UTC 2018
#@# CA Reg Tue Jan 16 22:50:12 UTC 2018
#@# SubCort Seg Wed Jan 17 03:42:30 UTC 2018
#@# Merge ASeg Wed Jan 17 05:31:18 UTC 2018
#@# Intensity Normalization2 Wed Jan 17 05:31:18 UTC 2018
#@# Mask BFS Wed Jan 17 05:37:58 UTC 2018
#@# WM Segmentation Wed Jan 17 05:38:02 UTC 2018
#@# Fill Wed Jan 17 05:42:24 UTC 2018
#@# Tessellate lh Wed Jan 17 05:44:02 UTC 2018
#@# Tessellate rh Wed Jan 17 05:44:13 UTC 2018
#@# Smooth1 lh Wed Jan 17 05:44:23 UTC 2018
#@# Smooth1 rh Wed Jan 17 05:44:31 UTC 2018
#@# Inflation1 lh Wed Jan 17 05:44:40 UTC 2018
#@# Inflation1 rh Wed Jan 17 05:45:33 UTC 2018
#@# QSphere lh Wed Jan 17 05:46:25 UTC 2018
#@# QSphere rh Wed Jan 17 05:52:03 UTC 2018
#@# Fix Topology Copy lh Wed Jan 17 05:57:24 UTC 2018
#@# Fix Topology Copy rh Wed Jan 17 05:57:24 UTC 2018
#@# Fix Topology lh Wed Jan 17 05:57:24 UTC 2018
#@# Fix Topology rh Wed Jan 17 07:39:22 UTC 2018
#@# Make White Surf lh Wed Jan 17 08:55:25 UTC 2018
#@# Make White Surf rh Wed Jan 17 09:03:21 UTC 2018
#@# Smooth2 lh Wed Jan 17 09:11:21 UTC 2018
#@# Smooth2 rh Wed Jan 17 09:11:30 UTC 2018
#@# Inflation2 lh Wed Jan 17 09:11:38 UTC 2018
#@# Inflation2 rh Wed Jan 17 09:12:30 UTC 2018
#@# Curv .H and .K lh Wed Jan 17 09:13:20 UTC 2018
#@# Curv .H and .K rh Wed Jan 17 09:15:29 UTC 2018
#@# Curvature Stats lh Wed Jan 17 09:17:38 UTC 2018
#@# Curvature Stats rh Wed Jan 17 09:17:44 UTC 2018
#@# Sphere lh Wed Jan 17 09:17:50 UTC 2018
#@# Sphere rh Wed Jan 17 10:03:27 UTC 2018
#@# Surf Reg lh Wed Jan 17 10:44:55 UTC 2018
#@# Surf Reg rh Wed Jan 17 11:55:23 UTC 2018
#@# Jacobian white lh Wed Jan 17 13:13:06 UTC 2018
#@# Jacobian white rh Wed Jan 17 13:13:09 UTC 2018
#@# AvgCurv lh Wed Jan 17 13:13:11 UTC 2018
#@# AvgCurv rh Wed Jan 17 13:13:14 UTC 2018
#@# Cortical Parc lh Wed Jan 17 13:13:16 UTC 2018
#@# Cortical Parc rh Wed Jan 17 13:13:38 UTC 2018
#@# Make Pial Surf lh Wed Jan 17 13:13:59 UTC 2018
#@# Make Pial Surf rh Wed Jan 17 13:34:42 UTC 2018
#@# Surf Volume lh Wed Jan 17 13:55:54 UTC 2018
#@# Surf Volume rh Wed Jan 17 13:55:59 UTC 2018
#@# Cortical ribbon mask Wed Jan 17 13:56:04 UTC 2018
#@# Parcellation Stats lh Wed Jan 17 14:13:22 UTC 2018
#@# Parcellation Stats rh Wed Jan 17 14:15:20 UTC 2018
#@# Cortical Parc 2 lh Wed Jan 17 14:17:16 UTC 2018
#@# Cortical Parc 2 rh Wed Jan 17 14:17:41 UTC 2018
#@# Parcellation Stats 2 lh Wed Jan 17 14:18:07 UTC 2018
#@# Parcellation Stats 2 rh Wed Jan 17 14:19:07 UTC 2018
#@# Cortical Parc 3 lh Wed Jan 17 14:20:07 UTC 2018
#@# Cortical Parc 3 rh Wed Jan 17 14:20:28 UTC 2018
#@# Parcellation Stats 3 lh Wed Jan 17 14:20:48 UTC 2018
#@# Parcellation Stats 3 rh Wed Jan 17 14:21:48 UTC 2018
#@# WM/GM Contrast lh Wed Jan 17 14:22:47 UTC 2018
#@# WM/GM Contrast rh Wed Jan 17 14:22:58 UTC 2018
#@# Relabel Hypointensities Wed Jan 17 14:23:08 UTC 2018
#@# AParc-to-ASeg aparc Wed Jan 17 14:23:42 UTC 2018
#@# AParc-to-ASeg a2009s Wed Jan 17 14:31:41 UTC 2018
#@# AParc-to-ASeg DKTatlas Wed Jan 17 14:39:33 UTC 2018
#@# APas-to-ASeg Wed Jan 17 14:47:33 UTC 2018
#@# ASeg Stats Wed Jan 17 14:47:45 UTC 2018
#@# WMParc Wed Jan 17 14:53:06 UTC 2018
#@# BA_exvivo Labels lh Wed Jan 17 15:09:21 UTC 2018
#@# BA_exvivo Labels rh Wed Jan 17 15:16:26 UTC 2018
recon-all -s 4121 finished without error at Wed Jan 17 15:23:29 UTC 2018
