status file for recon-all
Fri Jan 19 03:35:40 UTC 2018
#@# MotionCor Fri Jan 19 03:35:49 UTC 2018
#@# Talairach Fri Jan 19 03:36:13 UTC 2018
#@# Talairach Failure Detection Fri Jan 19 03:40:43 UTC 2018
#@# Nu Intensity Correction Fri Jan 19 03:40:44 UTC 2018
#@# Intensity Normalization Fri Jan 19 03:46:54 UTC 2018
#@# Skull Stripping Fri Jan 19 03:52:28 UTC 2018
#@# EM Registration Fri Jan 19 04:37:12 UTC 2018
#@# CA Normalize Fri Jan 19 05:20:05 UTC 2018
#@# CA Reg Fri Jan 19 05:24:26 UTC 2018
#@# SubCort Seg Fri Jan 19 12:04:28 UTC 2018
#@# Merge ASeg Fri Jan 19 14:55:41 UTC 2018
#@# Intensity Normalization2 Fri Jan 19 14:55:41 UTC 2018
#@# Mask BFS Fri Jan 19 15:04:12 UTC 2018
#@# WM Segmentation Fri Jan 19 15:04:16 UTC 2018
#@# Fill Fri Jan 19 15:09:05 UTC 2018
#@# Tessellate lh Fri Jan 19 15:11:05 UTC 2018
#@# Tessellate rh Fri Jan 19 15:11:19 UTC 2018
#@# Smooth1 lh Fri Jan 19 15:11:34 UTC 2018
#@# Smooth1 rh Fri Jan 19 15:11:46 UTC 2018
#@# Inflation1 lh Fri Jan 19 15:11:57 UTC 2018
#@# Inflation1 rh Fri Jan 19 15:13:08 UTC 2018
#@# QSphere lh Fri Jan 19 15:14:18 UTC 2018
#@# QSphere rh Fri Jan 19 15:21:48 UTC 2018
#@# Fix Topology Copy lh Fri Jan 19 15:29:12 UTC 2018
#@# Fix Topology Copy rh Fri Jan 19 15:29:13 UTC 2018
#@# Fix Topology lh Fri Jan 19 15:29:13 UTC 2018
#@# Fix Topology rh Fri Jan 19 18:31:59 UTC 2018
#@# Make White Surf lh Fri Jan 19 20:15:09 UTC 2018
#@# Make White Surf rh Fri Jan 19 20:24:27 UTC 2018
#@# Smooth2 lh Fri Jan 19 20:33:54 UTC 2018
#@# Smooth2 rh Fri Jan 19 20:34:06 UTC 2018
#@# Inflation2 lh Fri Jan 19 20:34:16 UTC 2018
#@# Inflation2 rh Fri Jan 19 20:35:19 UTC 2018
#@# Curv .H and .K lh Fri Jan 19 20:36:26 UTC 2018
#@# Curv .H and .K rh Fri Jan 19 20:39:15 UTC 2018
#@# Curvature Stats lh Fri Jan 19 20:42:11 UTC 2018
#@# Curvature Stats rh Fri Jan 19 20:42:18 UTC 2018
#@# Sphere lh Fri Jan 19 20:42:28 UTC 2018
#@# Sphere rh Fri Jan 19 22:37:57 UTC 2018
#@# Surf Reg lh Sat Jan 20 00:16:29 UTC 2018
#@# Surf Reg rh Sat Jan 20 01:59:01 UTC 2018
#@# Jacobian white lh Sat Jan 20 03:40:51 UTC 2018
#@# Jacobian white rh Sat Jan 20 03:40:54 UTC 2018
#@# AvgCurv lh Sat Jan 20 03:40:57 UTC 2018
#@# AvgCurv rh Sat Jan 20 03:40:59 UTC 2018
#@# Cortical Parc lh Sat Jan 20 03:41:02 UTC 2018
#@# Cortical Parc rh Sat Jan 20 03:41:27 UTC 2018
#@# Make Pial Surf lh Sat Jan 20 03:41:52 UTC 2018
#@# Make Pial Surf rh Sat Jan 20 04:03:49 UTC 2018
#@# Surf Volume lh Sat Jan 20 04:25:25 UTC 2018
#@# Surf Volume rh Sat Jan 20 04:25:30 UTC 2018
#@# Cortical ribbon mask Sat Jan 20 04:25:35 UTC 2018
#@# Parcellation Stats lh Sat Jan 20 04:46:11 UTC 2018
#@# Parcellation Stats rh Sat Jan 20 04:48:18 UTC 2018
#@# Cortical Parc 2 lh Sat Jan 20 04:50:34 UTC 2018
#@# Cortical Parc 2 rh Sat Jan 20 04:51:04 UTC 2018
#@# Parcellation Stats 2 lh Sat Jan 20 04:51:36 UTC 2018
#@# Parcellation Stats 2 rh Sat Jan 20 04:52:44 UTC 2018
#@# Cortical Parc 3 lh Sat Jan 20 04:53:54 UTC 2018
#@# Cortical Parc 3 rh Sat Jan 20 04:54:18 UTC 2018
#@# Parcellation Stats 3 lh Sat Jan 20 04:54:44 UTC 2018
#@# Parcellation Stats 3 rh Sat Jan 20 04:55:50 UTC 2018
#@# WM/GM Contrast lh Sat Jan 20 04:57:00 UTC 2018
#@# WM/GM Contrast rh Sat Jan 20 04:57:10 UTC 2018
#@# Relabel Hypointensities Sat Jan 20 04:57:20 UTC 2018
#@# AParc-to-ASeg aparc Sat Jan 20 04:58:02 UTC 2018
#@# AParc-to-ASeg a2009s Sat Jan 20 05:06:29 UTC 2018
#@# AParc-to-ASeg DKTatlas Sat Jan 20 05:14:39 UTC 2018
#@# APas-to-ASeg Sat Jan 20 05:22:35 UTC 2018
#@# ASeg Stats Sat Jan 20 05:22:47 UTC 2018
#@# WMParc Sat Jan 20 05:28:34 UTC 2018
#@# BA_exvivo Labels lh Sat Jan 20 05:44:24 UTC 2018
#@# BA_exvivo Labels rh Sat Jan 20 05:51:41 UTC 2018
recon-all -s 4035 finished without error at Sat Jan 20 05:58:52 UTC 2018
