status file for recon-all
Fri Dec 29 00:26:32 UTC 2017
#@# MotionCor Fri Dec 29 00:26:36 UTC 2017
#@# Talairach Fri Dec 29 00:26:53 UTC 2017



New invocation of recon-all 



status file for recon-all
Sun Dec 31 16:31:53 UTC 2017
#@# Talairach Sun Dec 31 16:31:53 UTC 2017
#@# Talairach Failure Detection Sun Dec 31 16:34:37 UTC 2017
#@# Nu Intensity Correction Sun Dec 31 16:34:37 UTC 2017
#@# Intensity Normalization Sun Dec 31 16:38:07 UTC 2017
#@# Skull Stripping Sun Dec 31 16:42:28 UTC 2017
#@# EM Registration Sun Dec 31 17:11:30 UTC 2017
#@# CA Normalize Sun Dec 31 17:39:50 UTC 2017
#@# CA Reg Sun Dec 31 17:42:40 UTC 2017
#@# SubCort Seg Sun Dec 31 22:24:10 UTC 2017
#@# Merge ASeg Sun Dec 31 23:55:36 UTC 2017
#@# Intensity Normalization2 Sun Dec 31 23:55:36 UTC 2017
#@# Mask BFS Mon Jan  1 00:02:15 UTC 2018
#@# WM Segmentation Mon Jan  1 00:02:18 UTC 2018
#@# Fill Mon Jan  1 00:05:42 UTC 2018
#@# Tessellate lh Mon Jan  1 00:07:21 UTC 2018
#@# Tessellate rh Mon Jan  1 00:07:33 UTC 2018
#@# Smooth1 lh Mon Jan  1 00:07:43 UTC 2018
#@# Smooth1 rh Mon Jan  1 00:07:52 UTC 2018
#@# Inflation1 lh Mon Jan  1 00:08:00 UTC 2018
#@# Inflation1 rh Mon Jan  1 00:08:51 UTC 2018
#@# QSphere lh Mon Jan  1 00:09:43 UTC 2018
#@# QSphere rh Mon Jan  1 00:15:26 UTC 2018
#@# Fix Topology Copy lh Mon Jan  1 00:21:07 UTC 2018
#@# Fix Topology Copy rh Mon Jan  1 00:21:07 UTC 2018
#@# Fix Topology lh Mon Jan  1 00:21:07 UTC 2018
#@# Fix Topology rh Mon Jan  1 00:53:55 UTC 2018
#@# Make White Surf lh Mon Jan  1 01:17:17 UTC 2018
#@# Make White Surf rh Mon Jan  1 01:25:19 UTC 2018
#@# Smooth2 lh Mon Jan  1 01:33:18 UTC 2018
#@# Smooth2 rh Mon Jan  1 01:33:26 UTC 2018
#@# Inflation2 lh Mon Jan  1 01:33:35 UTC 2018
#@# Inflation2 rh Mon Jan  1 01:34:26 UTC 2018
#@# Curv .H and .K lh Mon Jan  1 01:35:17 UTC 2018
#@# Curv .H and .K rh Mon Jan  1 01:37:29 UTC 2018
#@# Curvature Stats lh Mon Jan  1 01:39:39 UTC 2018
#@# Curvature Stats rh Mon Jan  1 01:39:45 UTC 2018
#@# Sphere lh Mon Jan  1 01:39:51 UTC 2018
#@# Sphere rh Mon Jan  1 02:55:15 UTC 2018
#@# Surf Reg lh Mon Jan  1 04:02:34 UTC 2018
#@# Surf Reg rh Mon Jan  1 05:22:23 UTC 2018
#@# Jacobian white lh Mon Jan  1 06:46:02 UTC 2018
#@# Jacobian white rh Mon Jan  1 06:46:05 UTC 2018
#@# AvgCurv lh Mon Jan  1 06:46:07 UTC 2018
#@# AvgCurv rh Mon Jan  1 06:46:10 UTC 2018
#@# Cortical Parc lh Mon Jan  1 06:46:12 UTC 2018
#@# Cortical Parc rh Mon Jan  1 06:46:34 UTC 2018
#@# Make Pial Surf lh Mon Jan  1 06:46:55 UTC 2018
#@# Make Pial Surf rh Mon Jan  1 07:07:59 UTC 2018
#@# Surf Volume lh Mon Jan  1 07:29:10 UTC 2018
#@# Surf Volume rh Mon Jan  1 07:29:15 UTC 2018
#@# Cortical ribbon mask Mon Jan  1 07:29:20 UTC 2018
#@# Parcellation Stats lh Mon Jan  1 07:50:10 UTC 2018
#@# Parcellation Stats rh Mon Jan  1 07:52:18 UTC 2018
#@# Cortical Parc 2 lh Mon Jan  1 07:54:26 UTC 2018
#@# Cortical Parc 2 rh Mon Jan  1 07:54:56 UTC 2018
#@# Parcellation Stats 2 lh Mon Jan  1 07:55:25 UTC 2018
#@# Parcellation Stats 2 rh Mon Jan  1 07:56:33 UTC 2018
#@# Cortical Parc 3 lh Mon Jan  1 07:57:44 UTC 2018
#@# Cortical Parc 3 rh Mon Jan  1 07:58:10 UTC 2018
#@# Parcellation Stats 3 lh Mon Jan  1 07:58:33 UTC 2018
#@# Parcellation Stats 3 rh Mon Jan  1 07:59:39 UTC 2018
#@# WM/GM Contrast lh Mon Jan  1 08:00:45 UTC 2018
#@# WM/GM Contrast rh Mon Jan  1 08:00:54 UTC 2018
#@# Relabel Hypointensities Mon Jan  1 08:01:03 UTC 2018
#@# AParc-to-ASeg aparc Mon Jan  1 08:01:39 UTC 2018
#@# AParc-to-ASeg a2009s Mon Jan  1 08:09:57 UTC 2018
#@# AParc-to-ASeg DKTatlas Mon Jan  1 08:18:16 UTC 2018
#@# APas-to-ASeg Mon Jan  1 08:26:39 UTC 2018
#@# ASeg Stats Mon Jan  1 08:26:51 UTC 2018
#@# WMParc Mon Jan  1 08:33:11 UTC 2018
#@# BA_exvivo Labels lh Mon Jan  1 08:49:46 UTC 2018
#@# BA_exvivo Labels rh Mon Jan  1 08:57:15 UTC 2018
recon-all -s 3064 finished without error at Mon Jan  1 09:04:35 UTC 2018
