status file for recon-all
Mon Jan 15 18:36:04 UTC 2018
#@# MotionCor Mon Jan 15 18:36:12 UTC 2018
#@# Talairach Mon Jan 15 18:36:29 UTC 2018
#@# Talairach Failure Detection Mon Jan 15 18:40:18 UTC 2018
#@# Nu Intensity Correction Mon Jan 15 18:40:18 UTC 2018
#@# Intensity Normalization Mon Jan 15 18:45:14 UTC 2018
#@# Skull Stripping Mon Jan 15 18:50:20 UTC 2018
#@# EM Registration Mon Jan 15 19:49:40 UTC 2018
#@# CA Normalize Mon Jan 15 20:28:19 UTC 2018
#@# CA Reg Mon Jan 15 20:32:13 UTC 2018
#@# SubCort Seg Tue Jan 16 02:46:56 UTC 2018
#@# Merge ASeg Tue Jan 16 05:05:33 UTC 2018
#@# Intensity Normalization2 Tue Jan 16 05:05:33 UTC 2018
#@# Mask BFS Tue Jan 16 05:13:03 UTC 2018
#@# WM Segmentation Tue Jan 16 05:13:07 UTC 2018
#@# Fill Tue Jan 16 05:17:34 UTC 2018
#@# Tessellate lh Tue Jan 16 05:19:17 UTC 2018
#@# Tessellate rh Tue Jan 16 05:19:31 UTC 2018
#@# Smooth1 lh Tue Jan 16 05:19:44 UTC 2018
#@# Smooth1 rh Tue Jan 16 05:19:56 UTC 2018
#@# Inflation1 lh Tue Jan 16 05:20:07 UTC 2018
#@# Inflation1 rh Tue Jan 16 05:21:18 UTC 2018
#@# QSphere lh Tue Jan 16 05:22:32 UTC 2018
#@# QSphere rh Tue Jan 16 05:30:16 UTC 2018
#@# Fix Topology Copy lh Tue Jan 16 05:38:08 UTC 2018
#@# Fix Topology Copy rh Tue Jan 16 05:38:08 UTC 2018
#@# Fix Topology lh Tue Jan 16 05:38:09 UTC 2018
#@# Fix Topology rh Tue Jan 16 06:40:32 UTC 2018
#@# Make White Surf lh Tue Jan 16 07:49:47 UTC 2018
#@# Make White Surf rh Tue Jan 16 08:01:10 UTC 2018
#@# Smooth2 lh Tue Jan 16 08:12:06 UTC 2018
#@# Smooth2 rh Tue Jan 16 08:12:17 UTC 2018
#@# Inflation2 lh Tue Jan 16 08:12:30 UTC 2018
#@# Inflation2 rh Tue Jan 16 08:13:37 UTC 2018
#@# Curv .H and .K lh Tue Jan 16 08:14:47 UTC 2018
#@# Curv .H and .K rh Tue Jan 16 08:17:46 UTC 2018
#@# Curvature Stats lh Tue Jan 16 08:20:54 UTC 2018
#@# Curvature Stats rh Tue Jan 16 08:21:04 UTC 2018
#@# Sphere lh Tue Jan 16 08:21:13 UTC 2018
#@# Sphere rh Tue Jan 16 09:54:48 UTC 2018
#@# Surf Reg lh Tue Jan 16 11:35:03 UTC 2018
#@# Surf Reg rh Tue Jan 16 13:33:38 UTC 2018
#@# Jacobian white lh Tue Jan 16 15:23:32 UTC 2018
#@# Jacobian white rh Tue Jan 16 15:23:36 UTC 2018
#@# AvgCurv lh Tue Jan 16 15:23:42 UTC 2018
#@# AvgCurv rh Tue Jan 16 15:23:45 UTC 2018
#@# Cortical Parc lh Tue Jan 16 15:23:49 UTC 2018
#@# Cortical Parc rh Tue Jan 16 15:24:30 UTC 2018
#@# Make Pial Surf lh Tue Jan 16 15:25:05 UTC 2018
#@# Make Pial Surf rh Tue Jan 16 15:56:41 UTC 2018
#@# Surf Volume lh Tue Jan 16 16:29:15 UTC 2018
#@# Surf Volume rh Tue Jan 16 16:29:23 UTC 2018
#@# Cortical ribbon mask Tue Jan 16 16:29:31 UTC 2018
#@# Parcellation Stats lh Tue Jan 16 17:01:19 UTC 2018
#@# Parcellation Stats rh Tue Jan 16 17:03:46 UTC 2018
#@# Cortical Parc 2 lh Tue Jan 16 17:06:17 UTC 2018
#@# Cortical Parc 2 rh Tue Jan 16 17:06:50 UTC 2018
#@# Parcellation Stats 2 lh Tue Jan 16 17:07:22 UTC 2018
#@# Parcellation Stats 2 rh Tue Jan 16 17:08:36 UTC 2018
#@# Cortical Parc 3 lh Tue Jan 16 17:09:52 UTC 2018
#@# Cortical Parc 3 rh Tue Jan 16 17:10:18 UTC 2018
#@# Parcellation Stats 3 lh Tue Jan 16 17:10:44 UTC 2018
#@# Parcellation Stats 3 rh Tue Jan 16 17:12:01 UTC 2018
#@# WM/GM Contrast lh Tue Jan 16 17:13:15 UTC 2018
#@# WM/GM Contrast rh Tue Jan 16 17:13:25 UTC 2018
#@# Relabel Hypointensities Tue Jan 16 17:13:36 UTC 2018
#@# AParc-to-ASeg aparc Tue Jan 16 17:14:18 UTC 2018
#@# AParc-to-ASeg a2009s Tue Jan 16 17:22:52 UTC 2018
#@# AParc-to-ASeg DKTatlas Tue Jan 16 17:31:24 UTC 2018
#@# APas-to-ASeg Tue Jan 16 17:39:48 UTC 2018
#@# ASeg Stats Tue Jan 16 17:40:02 UTC 2018
#@# WMParc Tue Jan 16 17:47:23 UTC 2018
#@# BA_exvivo Labels lh Tue Jan 16 18:07:34 UTC 2018
#@# BA_exvivo Labels rh Tue Jan 16 18:16:29 UTC 2018
recon-all -s 4067 finished without error at Tue Jan 16 18:25:23 UTC 2018
