status file for recon-all
Thu Jan 18 02:08:57 UTC 2018
#@# MotionCor Thu Jan 18 02:09:05 UTC 2018
#@# Talairach Thu Jan 18 02:09:27 UTC 2018
#@# Talairach Failure Detection Thu Jan 18 02:12:55 UTC 2018
#@# Nu Intensity Correction Thu Jan 18 02:12:55 UTC 2018
#@# Intensity Normalization Thu Jan 18 02:17:13 UTC 2018
#@# Skull Stripping Thu Jan 18 02:21:15 UTC 2018
#@# EM Registration Thu Jan 18 02:56:00 UTC 2018
#@# CA Normalize Thu Jan 18 03:33:28 UTC 2018
#@# CA Reg Thu Jan 18 03:36:18 UTC 2018
#@# SubCort Seg Thu Jan 18 08:39:17 UTC 2018
#@# Merge ASeg Thu Jan 18 10:17:56 UTC 2018
#@# Intensity Normalization2 Thu Jan 18 10:17:56 UTC 2018
#@# Mask BFS Thu Jan 18 10:23:54 UTC 2018
#@# WM Segmentation Thu Jan 18 10:23:57 UTC 2018
#@# Fill Thu Jan 18 10:27:24 UTC 2018
#@# Tessellate lh Thu Jan 18 10:28:46 UTC 2018
#@# Tessellate rh Thu Jan 18 10:28:56 UTC 2018
#@# Smooth1 lh Thu Jan 18 10:29:07 UTC 2018
#@# Smooth1 rh Thu Jan 18 10:29:16 UTC 2018
#@# Inflation1 lh Thu Jan 18 10:29:26 UTC 2018
#@# Inflation1 rh Thu Jan 18 10:30:19 UTC 2018
#@# QSphere lh Thu Jan 18 10:31:13 UTC 2018
#@# QSphere rh Thu Jan 18 10:37:31 UTC 2018
#@# Fix Topology Copy lh Thu Jan 18 10:43:34 UTC 2018
#@# Fix Topology Copy rh Thu Jan 18 10:43:34 UTC 2018
#@# Fix Topology lh Thu Jan 18 10:43:34 UTC 2018
#@# Fix Topology rh Thu Jan 18 11:20:55 UTC 2018
#@# Make White Surf lh Thu Jan 18 12:18:56 UTC 2018
#@# Make White Surf rh Thu Jan 18 12:26:58 UTC 2018
#@# Smooth2 lh Thu Jan 18 12:34:57 UTC 2018
#@# Smooth2 rh Thu Jan 18 12:35:06 UTC 2018
#@# Inflation2 lh Thu Jan 18 12:35:15 UTC 2018
#@# Inflation2 rh Thu Jan 18 12:36:11 UTC 2018
#@# Curv .H and .K lh Thu Jan 18 12:37:06 UTC 2018
#@# Curv .H and .K rh Thu Jan 18 12:39:22 UTC 2018
#@# Curvature Stats lh Thu Jan 18 12:41:37 UTC 2018
#@# Curvature Stats rh Thu Jan 18 12:41:43 UTC 2018
#@# Sphere lh Thu Jan 18 12:41:49 UTC 2018
#@# Sphere rh Thu Jan 18 13:55:41 UTC 2018
#@# Surf Reg lh Thu Jan 18 15:17:35 UTC 2018
#@# Surf Reg rh Thu Jan 18 16:28:18 UTC 2018
#@# Jacobian white lh Thu Jan 18 17:48:18 UTC 2018
#@# Jacobian white rh Thu Jan 18 17:48:22 UTC 2018
#@# AvgCurv lh Thu Jan 18 17:48:25 UTC 2018
#@# AvgCurv rh Thu Jan 18 17:48:29 UTC 2018
#@# Cortical Parc lh Thu Jan 18 17:48:31 UTC 2018
#@# Cortical Parc rh Thu Jan 18 17:48:59 UTC 2018
#@# Make Pial Surf lh Thu Jan 18 17:49:26 UTC 2018
#@# Make Pial Surf rh Thu Jan 18 18:15:00 UTC 2018
#@# Surf Volume lh Thu Jan 18 18:39:43 UTC 2018
#@# Surf Volume rh Thu Jan 18 18:39:50 UTC 2018
#@# Cortical ribbon mask Thu Jan 18 18:39:55 UTC 2018
#@# Parcellation Stats lh Thu Jan 18 19:05:56 UTC 2018
#@# Parcellation Stats rh Thu Jan 18 19:08:30 UTC 2018
#@# Cortical Parc 2 lh Thu Jan 18 19:11:05 UTC 2018
#@# Cortical Parc 2 rh Thu Jan 18 19:11:41 UTC 2018
#@# Parcellation Stats 2 lh Thu Jan 18 19:12:16 UTC 2018
#@# Parcellation Stats 2 rh Thu Jan 18 19:13:35 UTC 2018
#@# Cortical Parc 3 lh Thu Jan 18 19:14:52 UTC 2018
#@# Cortical Parc 3 rh Thu Jan 18 19:15:23 UTC 2018
#@# Parcellation Stats 3 lh Thu Jan 18 19:15:51 UTC 2018
#@# Parcellation Stats 3 rh Thu Jan 18 19:17:08 UTC 2018
#@# WM/GM Contrast lh Thu Jan 18 19:18:21 UTC 2018
#@# WM/GM Contrast rh Thu Jan 18 19:18:33 UTC 2018
#@# Relabel Hypointensities Thu Jan 18 19:18:45 UTC 2018
#@# AParc-to-ASeg aparc Thu Jan 18 19:19:31 UTC 2018
#@# AParc-to-ASeg a2009s Thu Jan 18 19:28:50 UTC 2018
#@# AParc-to-ASeg DKTatlas Thu Jan 18 19:38:06 UTC 2018
#@# APas-to-ASeg Thu Jan 18 19:46:53 UTC 2018
#@# ASeg Stats Thu Jan 18 19:47:06 UTC 2018
#@# WMParc Thu Jan 18 19:56:26 UTC 2018
#@# BA_exvivo Labels lh Thu Jan 18 20:17:36 UTC 2018
#@# BA_exvivo Labels rh Thu Jan 18 20:26:47 UTC 2018
recon-all -s 3753 finished without error at Thu Jan 18 20:36:01 UTC 2018
