status file for recon-all
Fri Jan 19 03:34:54 UTC 2018
#@# MotionCor Fri Jan 19 03:35:00 UTC 2018
#@# Talairach Fri Jan 19 03:35:18 UTC 2018
#@# Talairach Failure Detection Fri Jan 19 03:39:11 UTC 2018
#@# Nu Intensity Correction Fri Jan 19 03:39:11 UTC 2018
#@# Intensity Normalization Fri Jan 19 03:44:30 UTC 2018
#@# Skull Stripping Fri Jan 19 03:49:51 UTC 2018
#@# EM Registration Fri Jan 19 04:48:40 UTC 2018
#@# CA Normalize Fri Jan 19 05:54:36 UTC 2018
#@# CA Reg Fri Jan 19 05:58:48 UTC 2018
#@# SubCort Seg Fri Jan 19 13:04:36 UTC 2018
#@# Merge ASeg Fri Jan 19 15:24:24 UTC 2018
#@# Intensity Normalization2 Fri Jan 19 15:24:24 UTC 2018
#@# Mask BFS Fri Jan 19 15:32:52 UTC 2018
#@# WM Segmentation Fri Jan 19 15:32:56 UTC 2018
#@# Fill Fri Jan 19 15:37:32 UTC 2018
#@# Tessellate lh Fri Jan 19 15:39:30 UTC 2018
#@# Tessellate rh Fri Jan 19 15:39:44 UTC 2018
#@# Smooth1 lh Fri Jan 19 15:39:57 UTC 2018
#@# Smooth1 rh Fri Jan 19 15:40:10 UTC 2018
#@# Inflation1 lh Fri Jan 19 15:40:22 UTC 2018
#@# Inflation1 rh Fri Jan 19 15:41:31 UTC 2018
#@# QSphere lh Fri Jan 19 15:42:38 UTC 2018
#@# QSphere rh Fri Jan 19 15:50:18 UTC 2018
#@# Fix Topology Copy lh Fri Jan 19 15:57:44 UTC 2018
#@# Fix Topology Copy rh Fri Jan 19 15:57:45 UTC 2018
#@# Fix Topology lh Fri Jan 19 15:57:45 UTC 2018
#@# Fix Topology rh Fri Jan 19 16:44:38 UTC 2018
#@# Make White Surf lh Fri Jan 19 17:23:13 UTC 2018
#@# Make White Surf rh Fri Jan 19 17:33:49 UTC 2018
#@# Smooth2 lh Fri Jan 19 17:44:34 UTC 2018
#@# Smooth2 rh Fri Jan 19 17:44:45 UTC 2018
#@# Inflation2 lh Fri Jan 19 17:44:56 UTC 2018
#@# Inflation2 rh Fri Jan 19 17:46:01 UTC 2018
#@# Curv .H and .K lh Fri Jan 19 17:47:12 UTC 2018
#@# Curv .H and .K rh Fri Jan 19 17:50:01 UTC 2018
#@# Curvature Stats lh Fri Jan 19 17:52:52 UTC 2018
#@# Curvature Stats rh Fri Jan 19 17:53:00 UTC 2018
#@# Sphere lh Fri Jan 19 17:53:08 UTC 2018
#@# Sphere rh Fri Jan 19 19:20:59 UTC 2018
#@# Surf Reg lh Fri Jan 19 20:45:37 UTC 2018
#@# Surf Reg rh Fri Jan 19 22:19:00 UTC 2018
#@# Jacobian white lh Fri Jan 19 23:48:32 UTC 2018
#@# Jacobian white rh Fri Jan 19 23:48:37 UTC 2018
#@# AvgCurv lh Fri Jan 19 23:48:41 UTC 2018
#@# AvgCurv rh Fri Jan 19 23:48:45 UTC 2018
#@# Cortical Parc lh Fri Jan 19 23:48:48 UTC 2018
#@# Cortical Parc rh Fri Jan 19 23:49:20 UTC 2018
#@# Make Pial Surf lh Fri Jan 19 23:49:47 UTC 2018
#@# Make Pial Surf rh Sat Jan 20 00:19:21 UTC 2018
#@# Surf Volume lh Sat Jan 20 00:51:26 UTC 2018
#@# Surf Volume rh Sat Jan 20 00:51:36 UTC 2018
#@# Cortical ribbon mask Sat Jan 20 00:51:44 UTC 2018
#@# Parcellation Stats lh Sat Jan 20 01:25:39 UTC 2018
#@# Parcellation Stats rh Sat Jan 20 01:29:01 UTC 2018
#@# Cortical Parc 2 lh Sat Jan 20 01:32:25 UTC 2018
#@# Cortical Parc 2 rh Sat Jan 20 01:33:08 UTC 2018
#@# Parcellation Stats 2 lh Sat Jan 20 01:33:51 UTC 2018
#@# Parcellation Stats 2 rh Sat Jan 20 01:35:23 UTC 2018
#@# Cortical Parc 3 lh Sat Jan 20 01:36:57 UTC 2018
#@# Cortical Parc 3 rh Sat Jan 20 01:37:31 UTC 2018
#@# Parcellation Stats 3 lh Sat Jan 20 01:38:07 UTC 2018
#@# Parcellation Stats 3 rh Sat Jan 20 01:39:36 UTC 2018
#@# WM/GM Contrast lh Sat Jan 20 01:41:12 UTC 2018
#@# WM/GM Contrast rh Sat Jan 20 01:41:27 UTC 2018
#@# Relabel Hypointensities Sat Jan 20 01:41:43 UTC 2018
#@# AParc-to-ASeg aparc Sat Jan 20 01:42:33 UTC 2018
#@# AParc-to-ASeg a2009s Sat Jan 20 01:54:16 UTC 2018
#@# AParc-to-ASeg DKTatlas Sat Jan 20 02:05:35 UTC 2018
#@# APas-to-ASeg Sat Jan 20 02:17:02 UTC 2018
#@# ASeg Stats Sat Jan 20 02:17:19 UTC 2018
#@# WMParc Sat Jan 20 02:27:24 UTC 2018
#@# BA_exvivo Labels lh Sat Jan 20 02:54:42 UTC 2018
#@# BA_exvivo Labels rh Sat Jan 20 03:06:33 UTC 2018
recon-all -s 4033 finished without error at Sat Jan 20 03:17:57 UTC 2018
