status file for recon-all
Fri Dec 29 00:26:06 UTC 2017
#@# MotionCor Fri Dec 29 00:26:10 UTC 2017
#@# Talairach Fri Dec 29 00:26:25 UTC 2017



New invocation of recon-all 



status file for recon-all
Sun Dec 31 16:32:18 UTC 2017
#@# Talairach Sun Dec 31 16:32:18 UTC 2017
#@# Talairach Failure Detection Sun Dec 31 16:35:04 UTC 2017
#@# Nu Intensity Correction Sun Dec 31 16:35:04 UTC 2017
#@# Intensity Normalization Sun Dec 31 16:38:40 UTC 2017
#@# Skull Stripping Sun Dec 31 16:42:35 UTC 2017
#@# EM Registration Sun Dec 31 17:20:56 UTC 2017
#@# CA Normalize Sun Dec 31 17:49:02 UTC 2017
#@# CA Reg Sun Dec 31 17:51:56 UTC 2017
#@# SubCort Seg Sun Dec 31 22:44:29 UTC 2017
#@# Merge ASeg Mon Jan  1 00:15:29 UTC 2018
#@# Intensity Normalization2 Mon Jan  1 00:15:29 UTC 2018
#@# Mask BFS Mon Jan  1 00:21:51 UTC 2018
#@# WM Segmentation Mon Jan  1 00:21:55 UTC 2018
#@# Fill Mon Jan  1 00:25:20 UTC 2018
#@# Tessellate lh Mon Jan  1 00:26:54 UTC 2018
#@# Tessellate rh Mon Jan  1 00:27:05 UTC 2018
#@# Smooth1 lh Mon Jan  1 00:27:17 UTC 2018
#@# Smooth1 rh Mon Jan  1 00:27:26 UTC 2018
#@# Inflation1 lh Mon Jan  1 00:27:34 UTC 2018
#@# Inflation1 rh Mon Jan  1 00:28:28 UTC 2018
#@# QSphere lh Mon Jan  1 00:29:21 UTC 2018
#@# QSphere rh Mon Jan  1 00:36:05 UTC 2018
#@# Fix Topology Copy lh Mon Jan  1 00:42:03 UTC 2018
#@# Fix Topology Copy rh Mon Jan  1 00:42:03 UTC 2018
#@# Fix Topology lh Mon Jan  1 00:42:03 UTC 2018
#@# Fix Topology rh Mon Jan  1 00:54:34 UTC 2018
#@# Make White Surf lh Mon Jan  1 01:20:45 UTC 2018
#@# Make White Surf rh Mon Jan  1 01:28:27 UTC 2018
#@# Smooth2 lh Mon Jan  1 01:36:01 UTC 2018
#@# Smooth2 rh Mon Jan  1 01:36:09 UTC 2018
#@# Inflation2 lh Mon Jan  1 01:36:17 UTC 2018
#@# Inflation2 rh Mon Jan  1 01:37:08 UTC 2018
#@# Curv .H and .K lh Mon Jan  1 01:37:59 UTC 2018
#@# Curv .H and .K rh Mon Jan  1 01:40:06 UTC 2018
#@# Curvature Stats lh Mon Jan  1 01:42:17 UTC 2018
#@# Curvature Stats rh Mon Jan  1 01:42:23 UTC 2018
#@# Sphere lh Mon Jan  1 01:42:28 UTC 2018
#@# Sphere rh Mon Jan  1 02:59:05 UTC 2018
#@# Surf Reg lh Mon Jan  1 04:04:47 UTC 2018
#@# Surf Reg rh Mon Jan  1 05:37:59 UTC 2018
#@# Jacobian white lh Mon Jan  1 06:42:38 UTC 2018
#@# Jacobian white rh Mon Jan  1 06:42:41 UTC 2018
#@# AvgCurv lh Mon Jan  1 06:42:44 UTC 2018
#@# AvgCurv rh Mon Jan  1 06:42:46 UTC 2018
#@# Cortical Parc lh Mon Jan  1 06:42:48 UTC 2018
#@# Cortical Parc rh Mon Jan  1 06:43:13 UTC 2018
#@# Make Pial Surf lh Mon Jan  1 06:43:35 UTC 2018
#@# Make Pial Surf rh Mon Jan  1 07:04:19 UTC 2018
#@# Surf Volume lh Mon Jan  1 07:25:16 UTC 2018
#@# Surf Volume rh Mon Jan  1 07:25:21 UTC 2018
#@# Cortical ribbon mask Mon Jan  1 07:25:26 UTC 2018
#@# Parcellation Stats lh Mon Jan  1 07:47:31 UTC 2018
#@# Parcellation Stats rh Mon Jan  1 07:49:39 UTC 2018
#@# Cortical Parc 2 lh Mon Jan  1 07:51:46 UTC 2018
#@# Cortical Parc 2 rh Mon Jan  1 07:52:16 UTC 2018
#@# Parcellation Stats 2 lh Mon Jan  1 07:52:45 UTC 2018
#@# Parcellation Stats 2 rh Mon Jan  1 07:53:52 UTC 2018
#@# Cortical Parc 3 lh Mon Jan  1 07:54:57 UTC 2018
#@# Cortical Parc 3 rh Mon Jan  1 07:55:19 UTC 2018
#@# Parcellation Stats 3 lh Mon Jan  1 07:55:42 UTC 2018
#@# Parcellation Stats 3 rh Mon Jan  1 07:56:47 UTC 2018
#@# WM/GM Contrast lh Mon Jan  1 07:57:52 UTC 2018
#@# WM/GM Contrast rh Mon Jan  1 07:58:01 UTC 2018
#@# Relabel Hypointensities Mon Jan  1 07:58:10 UTC 2018
#@# AParc-to-ASeg aparc Mon Jan  1 07:58:49 UTC 2018
#@# AParc-to-ASeg a2009s Mon Jan  1 08:06:49 UTC 2018
#@# AParc-to-ASeg DKTatlas Mon Jan  1 08:14:43 UTC 2018
#@# APas-to-ASeg Mon Jan  1 08:22:39 UTC 2018
#@# ASeg Stats Mon Jan  1 08:22:51 UTC 2018
#@# WMParc Mon Jan  1 08:29:42 UTC 2018
#@# BA_exvivo Labels lh Mon Jan  1 08:46:12 UTC 2018
#@# BA_exvivo Labels rh Mon Jan  1 08:53:33 UTC 2018
recon-all -s 3063 finished without error at Mon Jan  1 09:00:54 UTC 2018
