status file for recon-all
Wed Jan 10 00:07:32 UTC 2018
#@# MotionCor Wed Jan 10 00:07:51 UTC 2018
#@# Talairach Wed Jan 10 00:08:36 UTC 2018
#@# Talairach Failure Detection Wed Jan 10 00:11:45 UTC 2018
#@# Nu Intensity Correction Wed Jan 10 00:11:45 UTC 2018
#@# Intensity Normalization Wed Jan 10 00:16:04 UTC 2018
#@# Skull Stripping Wed Jan 10 00:20:45 UTC 2018
#@# EM Registration Wed Jan 10 00:59:57 UTC 2018
#@# CA Normalize Wed Jan 10 01:35:00 UTC 2018
#@# CA Reg Wed Jan 10 01:38:31 UTC 2018
#@# SubCort Seg Wed Jan 10 08:39:12 UTC 2018
#@# Merge ASeg Wed Jan 10 10:40:07 UTC 2018
#@# Intensity Normalization2 Wed Jan 10 10:40:07 UTC 2018
#@# Mask BFS Wed Jan 10 10:47:59 UTC 2018
#@# WM Segmentation Wed Jan 10 10:48:03 UTC 2018
#@# Fill Wed Jan 10 10:52:16 UTC 2018
#@# Tessellate lh Wed Jan 10 10:54:13 UTC 2018
#@# Tessellate rh Wed Jan 10 10:54:27 UTC 2018
#@# Smooth1 lh Wed Jan 10 10:54:39 UTC 2018
#@# Smooth1 rh Wed Jan 10 10:54:51 UTC 2018
#@# Inflation1 lh Wed Jan 10 10:55:02 UTC 2018
#@# Inflation1 rh Wed Jan 10 10:56:05 UTC 2018
#@# QSphere lh Wed Jan 10 10:57:07 UTC 2018
#@# QSphere rh Wed Jan 10 11:03:41 UTC 2018
#@# Fix Topology Copy lh Wed Jan 10 11:11:00 UTC 2018
#@# Fix Topology Copy rh Wed Jan 10 11:11:00 UTC 2018
#@# Fix Topology lh Wed Jan 10 11:11:00 UTC 2018
#@# Fix Topology rh Wed Jan 10 11:55:33 UTC 2018
#@# Make White Surf lh Wed Jan 10 12:30:12 UTC 2018
#@# Make White Surf rh Wed Jan 10 12:39:34 UTC 2018
#@# Smooth2 lh Wed Jan 10 12:48:53 UTC 2018
#@# Smooth2 rh Wed Jan 10 12:49:03 UTC 2018
#@# Inflation2 lh Wed Jan 10 12:49:13 UTC 2018
#@# Inflation2 rh Wed Jan 10 12:50:15 UTC 2018
#@# Curv .H and .K lh Wed Jan 10 12:51:12 UTC 2018
#@# Curv .H and .K rh Wed Jan 10 12:53:40 UTC 2018
#@# Curvature Stats lh Wed Jan 10 12:56:09 UTC 2018
#@# Curvature Stats rh Wed Jan 10 12:56:18 UTC 2018
#@# Sphere lh Wed Jan 10 12:56:25 UTC 2018
#@# Sphere rh Wed Jan 10 13:43:28 UTC 2018
#@# Surf Reg lh Wed Jan 10 14:42:05 UTC 2018
#@# Surf Reg rh Wed Jan 10 15:59:11 UTC 2018
#@# Jacobian white lh Wed Jan 10 17:39:13 UTC 2018
#@# Jacobian white rh Wed Jan 10 17:39:17 UTC 2018
#@# AvgCurv lh Wed Jan 10 17:39:22 UTC 2018
#@# AvgCurv rh Wed Jan 10 17:39:26 UTC 2018
#@# Cortical Parc lh Wed Jan 10 17:39:30 UTC 2018
#@# Cortical Parc rh Wed Jan 10 17:40:04 UTC 2018
#@# Make Pial Surf lh Wed Jan 10 17:40:41 UTC 2018
#@# Make Pial Surf rh Wed Jan 10 18:10:41 UTC 2018
#@# Surf Volume lh Wed Jan 10 18:40:06 UTC 2018
#@# Surf Volume rh Wed Jan 10 18:40:13 UTC 2018
#@# Cortical ribbon mask Wed Jan 10 18:40:20 UTC 2018
#@# Parcellation Stats lh Wed Jan 10 19:09:17 UTC 2018
#@# Parcellation Stats rh Wed Jan 10 19:12:23 UTC 2018
#@# Cortical Parc 2 lh Wed Jan 10 19:15:29 UTC 2018
#@# Cortical Parc 2 rh Wed Jan 10 19:16:10 UTC 2018
#@# Parcellation Stats 2 lh Wed Jan 10 19:16:52 UTC 2018
#@# Parcellation Stats 2 rh Wed Jan 10 19:18:21 UTC 2018
#@# Cortical Parc 3 lh Wed Jan 10 19:19:53 UTC 2018
#@# Cortical Parc 3 rh Wed Jan 10 19:20:27 UTC 2018
#@# Parcellation Stats 3 lh Wed Jan 10 19:21:03 UTC 2018
#@# Parcellation Stats 3 rh Wed Jan 10 19:22:32 UTC 2018
#@# WM/GM Contrast lh Wed Jan 10 19:23:58 UTC 2018
#@# WM/GM Contrast rh Wed Jan 10 19:24:24 UTC 2018
#@# Relabel Hypointensities Wed Jan 10 19:24:47 UTC 2018
#@# AParc-to-ASeg aparc Wed Jan 10 19:25:43 UTC 2018
#@# AParc-to-ASeg a2009s Wed Jan 10 19:37:34 UTC 2018
#@# AParc-to-ASeg DKTatlas Wed Jan 10 19:49:17 UTC 2018
#@# APas-to-ASeg Wed Jan 10 20:00:16 UTC 2018
#@# ASeg Stats Wed Jan 10 20:00:33 UTC 2018
#@# WMParc Wed Jan 10 20:11:28 UTC 2018
#@# BA_exvivo Labels lh Wed Jan 10 20:42:35 UTC 2018
#@# BA_exvivo Labels rh Wed Jan 10 20:53:15 UTC 2018
recon-all -s 3619 finished without error at Wed Jan 10 21:03:53 UTC 2018
