status file for recon-all
Fri Jan 12 18:03:54 UTC 2018
#@# MotionCor Fri Jan 12 18:04:00 UTC 2018
#@# Talairach Fri Jan 12 18:04:21 UTC 2018
#@# Talairach Failure Detection Fri Jan 12 18:08:45 UTC 2018
#@# Nu Intensity Correction Fri Jan 12 18:08:46 UTC 2018
#@# Intensity Normalization Fri Jan 12 18:14:30 UTC 2018
#@# Skull Stripping Fri Jan 12 18:19:47 UTC 2018
#@# EM Registration Fri Jan 12 19:18:45 UTC 2018
#@# CA Normalize Fri Jan 12 20:03:48 UTC 2018
#@# CA Reg Fri Jan 12 20:06:48 UTC 2018
#@# SubCort Seg Sat Jan 13 00:35:15 UTC 2018
#@# Merge ASeg Sat Jan 13 02:33:29 UTC 2018
#@# Intensity Normalization2 Sat Jan 13 02:33:29 UTC 2018
#@# Mask BFS Sat Jan 13 02:39:29 UTC 2018
#@# WM Segmentation Sat Jan 13 02:39:32 UTC 2018
#@# Fill Sat Jan 13 02:43:08 UTC 2018
#@# Tessellate lh Sat Jan 13 02:44:35 UTC 2018
#@# Tessellate rh Sat Jan 13 02:44:46 UTC 2018
#@# Smooth1 lh Sat Jan 13 02:44:58 UTC 2018
#@# Smooth1 rh Sat Jan 13 02:45:09 UTC 2018
#@# Inflation1 lh Sat Jan 13 02:45:19 UTC 2018
#@# Inflation1 rh Sat Jan 13 02:46:25 UTC 2018
#@# QSphere lh Sat Jan 13 02:47:32 UTC 2018
#@# QSphere rh Sat Jan 13 02:54:30 UTC 2018
#@# Fix Topology Copy lh Sat Jan 13 03:01:39 UTC 2018
#@# Fix Topology Copy rh Sat Jan 13 03:01:39 UTC 2018
#@# Fix Topology lh Sat Jan 13 03:01:39 UTC 2018
#@# Fix Topology rh Sat Jan 13 05:03:45 UTC 2018
#@# Make White Surf lh Sat Jan 13 06:27:38 UTC 2018
#@# Make White Surf rh Sat Jan 13 06:37:24 UTC 2018
#@# Smooth2 lh Sat Jan 13 06:47:45 UTC 2018
#@# Smooth2 rh Sat Jan 13 06:47:56 UTC 2018
#@# Inflation2 lh Sat Jan 13 06:48:07 UTC 2018
#@# Inflation2 rh Sat Jan 13 06:49:15 UTC 2018
#@# Curv .H and .K lh Sat Jan 13 06:50:24 UTC 2018
#@# Curv .H and .K rh Sat Jan 13 06:53:12 UTC 2018
#@# Curvature Stats lh Sat Jan 13 06:56:03 UTC 2018
#@# Curvature Stats rh Sat Jan 13 06:56:11 UTC 2018
#@# Sphere lh Sat Jan 13 06:56:18 UTC 2018
#@# Sphere rh Sat Jan 13 08:30:16 UTC 2018
#@# Surf Reg lh Sat Jan 13 10:12:22 UTC 2018
#@# Surf Reg rh Sat Jan 13 11:52:31 UTC 2018
#@# Jacobian white lh Sat Jan 13 13:42:49 UTC 2018
#@# Jacobian white rh Sat Jan 13 13:42:52 UTC 2018
#@# AvgCurv lh Sat Jan 13 13:42:56 UTC 2018
#@# AvgCurv rh Sat Jan 13 13:43:00 UTC 2018
#@# Cortical Parc lh Sat Jan 13 13:43:03 UTC 2018
#@# Cortical Parc rh Sat Jan 13 13:43:31 UTC 2018
#@# Make Pial Surf lh Sat Jan 13 13:44:00 UTC 2018
#@# Make Pial Surf rh Sat Jan 13 14:11:28 UTC 2018
#@# Surf Volume lh Sat Jan 13 14:38:52 UTC 2018
#@# Surf Volume rh Sat Jan 13 14:38:59 UTC 2018
#@# Cortical ribbon mask Sat Jan 13 14:39:05 UTC 2018
#@# Parcellation Stats lh Sat Jan 13 15:16:03 UTC 2018
#@# Parcellation Stats rh Sat Jan 13 15:18:48 UTC 2018
#@# Cortical Parc 2 lh Sat Jan 13 15:21:36 UTC 2018
#@# Cortical Parc 2 rh Sat Jan 13 15:22:11 UTC 2018
#@# Parcellation Stats 2 lh Sat Jan 13 15:22:48 UTC 2018
#@# Parcellation Stats 2 rh Sat Jan 13 15:24:11 UTC 2018
#@# Cortical Parc 3 lh Sat Jan 13 15:25:38 UTC 2018
#@# Cortical Parc 3 rh Sat Jan 13 15:26:05 UTC 2018
#@# Parcellation Stats 3 lh Sat Jan 13 15:26:34 UTC 2018
#@# Parcellation Stats 3 rh Sat Jan 13 15:27:55 UTC 2018
#@# WM/GM Contrast lh Sat Jan 13 15:29:19 UTC 2018
#@# WM/GM Contrast rh Sat Jan 13 15:29:31 UTC 2018
#@# Relabel Hypointensities Sat Jan 13 15:29:42 UTC 2018
#@# AParc-to-ASeg aparc Sat Jan 13 15:30:28 UTC 2018
#@# AParc-to-ASeg a2009s Sat Jan 13 15:39:32 UTC 2018
#@# AParc-to-ASeg DKTatlas Sat Jan 13 15:48:37 UTC 2018
#@# APas-to-ASeg Sat Jan 13 15:57:43 UTC 2018
#@# ASeg Stats Sat Jan 13 15:57:54 UTC 2018
#@# WMParc Sat Jan 13 16:03:44 UTC 2018
#@# BA_exvivo Labels lh Sat Jan 13 16:22:58 UTC 2018
#@# BA_exvivo Labels rh Sat Jan 13 16:32:13 UTC 2018
recon-all -s 3825 finished without error at Sat Jan 13 16:41:33 UTC 2018
