status file for recon-all
Thu Jan 11 01:18:14 UTC 2018
#@# MotionCor Thu Jan 11 01:18:21 UTC 2018
#@# Talairach Thu Jan 11 01:18:40 UTC 2018
#@# Talairach Failure Detection Thu Jan 11 01:22:25 UTC 2018
#@# Nu Intensity Correction Thu Jan 11 01:22:25 UTC 2018
#@# Intensity Normalization Thu Jan 11 01:27:01 UTC 2018
#@# Skull Stripping Thu Jan 11 01:31:54 UTC 2018
#@# EM Registration Thu Jan 11 02:16:03 UTC 2018
#@# CA Normalize Thu Jan 11 02:53:18 UTC 2018
#@# CA Reg Thu Jan 11 02:56:58 UTC 2018
#@# SubCort Seg Thu Jan 11 09:12:57 UTC 2018
#@# Merge ASeg Thu Jan 11 11:09:45 UTC 2018
#@# Intensity Normalization2 Thu Jan 11 11:09:45 UTC 2018
#@# Mask BFS Thu Jan 11 11:17:33 UTC 2018
#@# WM Segmentation Thu Jan 11 11:17:37 UTC 2018
#@# Fill Thu Jan 11 11:21:48 UTC 2018
#@# Tessellate lh Thu Jan 11 11:23:43 UTC 2018
#@# Tessellate rh Thu Jan 11 11:23:57 UTC 2018
#@# Smooth1 lh Thu Jan 11 11:24:10 UTC 2018
#@# Smooth1 rh Thu Jan 11 11:24:19 UTC 2018
#@# Inflation1 lh Thu Jan 11 11:24:28 UTC 2018
#@# Inflation1 rh Thu Jan 11 11:25:27 UTC 2018
#@# QSphere lh Thu Jan 11 11:26:27 UTC 2018
#@# QSphere rh Thu Jan 11 11:32:57 UTC 2018
#@# Fix Topology Copy lh Thu Jan 11 11:40:43 UTC 2018
#@# Fix Topology Copy rh Thu Jan 11 11:40:44 UTC 2018
#@# Fix Topology lh Thu Jan 11 11:40:44 UTC 2018
#@# Fix Topology rh Thu Jan 11 12:27:26 UTC 2018
#@# Make White Surf lh Thu Jan 11 13:01:53 UTC 2018
#@# Make White Surf rh Thu Jan 11 13:11:12 UTC 2018
#@# Smooth2 lh Thu Jan 11 13:20:46 UTC 2018
#@# Smooth2 rh Thu Jan 11 13:20:57 UTC 2018
#@# Inflation2 lh Thu Jan 11 13:21:07 UTC 2018
#@# Inflation2 rh Thu Jan 11 13:22:08 UTC 2018
#@# Curv .H and .K lh Thu Jan 11 13:23:12 UTC 2018
#@# Curv .H and .K rh Thu Jan 11 13:25:46 UTC 2018
#@# Curvature Stats lh Thu Jan 11 13:28:28 UTC 2018
#@# Curvature Stats rh Thu Jan 11 13:28:36 UTC 2018
#@# Sphere lh Thu Jan 11 13:28:44 UTC 2018
#@# Sphere rh Thu Jan 11 14:46:29 UTC 2018
#@# Surf Reg lh Thu Jan 11 15:37:37 UTC 2018
#@# Surf Reg rh Thu Jan 11 16:51:17 UTC 2018
#@# Jacobian white lh Thu Jan 11 18:17:02 UTC 2018
#@# Jacobian white rh Thu Jan 11 18:17:06 UTC 2018
#@# AvgCurv lh Thu Jan 11 18:17:10 UTC 2018
#@# AvgCurv rh Thu Jan 11 18:17:14 UTC 2018
#@# Cortical Parc lh Thu Jan 11 18:17:17 UTC 2018
#@# Cortical Parc rh Thu Jan 11 18:17:49 UTC 2018
#@# Make Pial Surf lh Thu Jan 11 18:18:18 UTC 2018
#@# Make Pial Surf rh Thu Jan 11 18:44:00 UTC 2018
#@# Surf Volume lh Thu Jan 11 19:10:24 UTC 2018
#@# Surf Volume rh Thu Jan 11 19:10:31 UTC 2018
#@# Cortical ribbon mask Thu Jan 11 19:10:37 UTC 2018
#@# Parcellation Stats lh Thu Jan 11 19:35:55 UTC 2018
#@# Parcellation Stats rh Thu Jan 11 19:38:35 UTC 2018
#@# Cortical Parc 2 lh Thu Jan 11 19:41:28 UTC 2018
#@# Cortical Parc 2 rh Thu Jan 11 19:42:07 UTC 2018
#@# Parcellation Stats 2 lh Thu Jan 11 19:42:47 UTC 2018
#@# Parcellation Stats 2 rh Thu Jan 11 19:44:11 UTC 2018
#@# Cortical Parc 3 lh Thu Jan 11 19:45:40 UTC 2018
#@# Cortical Parc 3 rh Thu Jan 11 19:46:13 UTC 2018
#@# Parcellation Stats 3 lh Thu Jan 11 19:46:46 UTC 2018
#@# Parcellation Stats 3 rh Thu Jan 11 19:48:08 UTC 2018
#@# WM/GM Contrast lh Thu Jan 11 19:49:33 UTC 2018
#@# WM/GM Contrast rh Thu Jan 11 19:49:48 UTC 2018
#@# Relabel Hypointensities Thu Jan 11 19:50:01 UTC 2018
#@# AParc-to-ASeg aparc Thu Jan 11 19:50:51 UTC 2018
#@# AParc-to-ASeg a2009s Thu Jan 11 20:01:16 UTC 2018
#@# AParc-to-ASeg DKTatlas Thu Jan 11 20:11:55 UTC 2018
#@# APas-to-ASeg Thu Jan 11 20:21:41 UTC 2018
#@# ASeg Stats Thu Jan 11 20:21:56 UTC 2018
#@# WMParc Thu Jan 11 20:32:15 UTC 2018
#@# BA_exvivo Labels lh Thu Jan 11 20:56:05 UTC 2018
#@# BA_exvivo Labels rh Thu Jan 11 21:05:46 UTC 2018
recon-all -s 3765 finished without error at Thu Jan 11 21:15:34 UTC 2018
