status file for recon-all
Thu Jan 11 01:18:26 UTC 2018
#@# MotionCor Thu Jan 11 01:18:34 UTC 2018
#@# Talairach Thu Jan 11 01:18:57 UTC 2018
#@# Talairach Failure Detection Thu Jan 11 01:22:40 UTC 2018
#@# Nu Intensity Correction Thu Jan 11 01:22:41 UTC 2018
#@# Intensity Normalization Thu Jan 11 01:27:42 UTC 2018
#@# Skull Stripping Thu Jan 11 01:32:38 UTC 2018
#@# EM Registration Thu Jan 11 02:24:04 UTC 2018
#@# CA Normalize Thu Jan 11 03:03:09 UTC 2018
#@# CA Reg Thu Jan 11 03:06:45 UTC 2018
#@# SubCort Seg Thu Jan 11 09:07:13 UTC 2018
#@# Merge ASeg Thu Jan 11 11:13:51 UTC 2018
#@# Intensity Normalization2 Thu Jan 11 11:13:51 UTC 2018
#@# Mask BFS Thu Jan 11 11:21:57 UTC 2018
#@# WM Segmentation Thu Jan 11 11:22:02 UTC 2018
#@# Fill Thu Jan 11 11:26:24 UTC 2018
#@# Tessellate lh Thu Jan 11 11:28:23 UTC 2018
#@# Tessellate rh Thu Jan 11 11:28:38 UTC 2018
#@# Smooth1 lh Thu Jan 11 11:28:53 UTC 2018
#@# Smooth1 rh Thu Jan 11 11:29:04 UTC 2018
#@# Inflation1 lh Thu Jan 11 11:29:16 UTC 2018
#@# Inflation1 rh Thu Jan 11 11:30:26 UTC 2018
#@# QSphere lh Thu Jan 11 11:31:40 UTC 2018
#@# QSphere rh Thu Jan 11 11:39:38 UTC 2018
#@# Fix Topology Copy lh Thu Jan 11 11:48:36 UTC 2018
#@# Fix Topology Copy rh Thu Jan 11 11:48:36 UTC 2018
#@# Fix Topology lh Thu Jan 11 11:48:36 UTC 2018
#@# Fix Topology rh Thu Jan 11 12:33:28 UTC 2018
#@# Make White Surf lh Thu Jan 11 13:21:46 UTC 2018
#@# Make White Surf rh Thu Jan 11 13:32:41 UTC 2018
#@# Smooth2 lh Thu Jan 11 13:44:06 UTC 2018
#@# Smooth2 rh Thu Jan 11 13:44:19 UTC 2018
#@# Inflation2 lh Thu Jan 11 13:44:32 UTC 2018
#@# Inflation2 rh Thu Jan 11 13:45:46 UTC 2018
#@# Curv .H and .K lh Thu Jan 11 13:47:01 UTC 2018
#@# Curv .H and .K rh Thu Jan 11 13:50:14 UTC 2018
#@# Curvature Stats lh Thu Jan 11 13:53:21 UTC 2018
#@# Curvature Stats rh Thu Jan 11 13:53:32 UTC 2018
#@# Sphere lh Thu Jan 11 13:53:41 UTC 2018
#@# Sphere rh Thu Jan 11 15:35:02 UTC 2018
#@# Surf Reg lh Thu Jan 11 17:14:16 UTC 2018
#@# Surf Reg rh Thu Jan 11 19:00:47 UTC 2018
#@# Jacobian white lh Thu Jan 11 20:43:35 UTC 2018
#@# Jacobian white rh Thu Jan 11 20:43:40 UTC 2018
#@# AvgCurv lh Thu Jan 11 20:43:45 UTC 2018
#@# AvgCurv rh Thu Jan 11 20:43:49 UTC 2018
#@# Cortical Parc lh Thu Jan 11 20:43:53 UTC 2018
#@# Cortical Parc rh Thu Jan 11 20:44:26 UTC 2018
#@# Make Pial Surf lh Thu Jan 11 20:44:54 UTC 2018
#@# Make Pial Surf rh Thu Jan 11 21:15:23 UTC 2018
#@# Surf Volume lh Thu Jan 11 21:41:23 UTC 2018
#@# Surf Volume rh Thu Jan 11 21:41:29 UTC 2018
#@# Cortical ribbon mask Thu Jan 11 21:41:35 UTC 2018
#@# Parcellation Stats lh Thu Jan 11 22:11:59 UTC 2018
#@# Parcellation Stats rh Thu Jan 11 22:14:44 UTC 2018
#@# Cortical Parc 2 lh Thu Jan 11 22:17:30 UTC 2018
#@# Cortical Parc 2 rh Thu Jan 11 22:18:07 UTC 2018
#@# Parcellation Stats 2 lh Thu Jan 11 22:18:45 UTC 2018
#@# Parcellation Stats 2 rh Thu Jan 11 22:20:09 UTC 2018
#@# Cortical Parc 3 lh Thu Jan 11 22:21:36 UTC 2018
#@# Cortical Parc 3 rh Thu Jan 11 22:22:06 UTC 2018
#@# Parcellation Stats 3 lh Thu Jan 11 22:22:37 UTC 2018
#@# Parcellation Stats 3 rh Thu Jan 11 22:24:00 UTC 2018
#@# WM/GM Contrast lh Thu Jan 11 22:25:26 UTC 2018
#@# WM/GM Contrast rh Thu Jan 11 22:25:38 UTC 2018
#@# Relabel Hypointensities Thu Jan 11 22:25:50 UTC 2018
#@# AParc-to-ASeg aparc Thu Jan 11 22:26:38 UTC 2018
#@# AParc-to-ASeg a2009s Thu Jan 11 22:36:50 UTC 2018
#@# AParc-to-ASeg DKTatlas Thu Jan 11 22:46:25 UTC 2018
#@# APas-to-ASeg Thu Jan 11 22:55:20 UTC 2018
#@# ASeg Stats Thu Jan 11 22:55:33 UTC 2018
#@# WMParc Thu Jan 11 23:02:35 UTC 2018
#@# BA_exvivo Labels lh Thu Jan 11 23:23:17 UTC 2018
#@# BA_exvivo Labels rh Thu Jan 11 23:31:59 UTC 2018
recon-all -s 3767 finished without error at Thu Jan 11 23:40:50 UTC 2018
