status file for recon-all
Thu Jan 18 02:09:48 UTC 2018
#@# MotionCor Thu Jan 18 02:09:55 UTC 2018
#@# Talairach Thu Jan 18 02:10:19 UTC 2018
#@# Talairach Failure Detection Thu Jan 18 02:13:43 UTC 2018
#@# Nu Intensity Correction Thu Jan 18 02:13:44 UTC 2018
#@# Intensity Normalization Thu Jan 18 02:18:02 UTC 2018
#@# Skull Stripping Thu Jan 18 02:22:09 UTC 2018
#@# EM Registration Thu Jan 18 03:02:42 UTC 2018
#@# CA Normalize Thu Jan 18 03:33:15 UTC 2018
#@# CA Reg Thu Jan 18 03:36:11 UTC 2018
#@# SubCort Seg Thu Jan 18 08:18:30 UTC 2018
#@# Merge ASeg Thu Jan 18 09:59:41 UTC 2018
#@# Intensity Normalization2 Thu Jan 18 09:59:41 UTC 2018
#@# Mask BFS Thu Jan 18 10:05:33 UTC 2018
#@# WM Segmentation Thu Jan 18 10:05:36 UTC 2018
#@# Fill Thu Jan 18 10:09:06 UTC 2018
#@# Tessellate lh Thu Jan 18 10:10:25 UTC 2018
#@# Tessellate rh Thu Jan 18 10:10:36 UTC 2018
#@# Smooth1 lh Thu Jan 18 10:10:45 UTC 2018
#@# Smooth1 rh Thu Jan 18 10:10:54 UTC 2018
#@# Inflation1 lh Thu Jan 18 10:11:02 UTC 2018
#@# Inflation1 rh Thu Jan 18 10:11:57 UTC 2018
#@# QSphere lh Thu Jan 18 10:12:49 UTC 2018
#@# QSphere rh Thu Jan 18 10:18:31 UTC 2018
#@# Fix Topology Copy lh Thu Jan 18 10:24:08 UTC 2018
#@# Fix Topology Copy rh Thu Jan 18 10:24:08 UTC 2018
#@# Fix Topology lh Thu Jan 18 10:24:08 UTC 2018
#@# Fix Topology rh Thu Jan 18 12:23:46 UTC 2018
#@# Make White Surf lh Thu Jan 18 14:27:23 UTC 2018
#@# Make White Surf rh Thu Jan 18 14:35:10 UTC 2018
#@# Smooth2 lh Thu Jan 18 14:42:34 UTC 2018
#@# Smooth2 rh Thu Jan 18 14:42:43 UTC 2018
#@# Inflation2 lh Thu Jan 18 14:42:51 UTC 2018
#@# Inflation2 rh Thu Jan 18 14:43:45 UTC 2018
#@# Curv .H and .K lh Thu Jan 18 14:44:39 UTC 2018
#@# Curv .H and .K rh Thu Jan 18 14:46:57 UTC 2018
#@# Curvature Stats lh Thu Jan 18 14:49:09 UTC 2018
#@# Curvature Stats rh Thu Jan 18 14:49:15 UTC 2018
#@# Sphere lh Thu Jan 18 14:49:21 UTC 2018
#@# Sphere rh Thu Jan 18 16:08:07 UTC 2018
#@# Surf Reg lh Thu Jan 18 17:30:03 UTC 2018
#@# Surf Reg rh Thu Jan 18 18:50:22 UTC 2018
#@# Jacobian white lh Thu Jan 18 20:06:36 UTC 2018
#@# Jacobian white rh Thu Jan 18 20:06:39 UTC 2018
#@# AvgCurv lh Thu Jan 18 20:06:42 UTC 2018
#@# AvgCurv rh Thu Jan 18 20:06:45 UTC 2018
#@# Cortical Parc lh Thu Jan 18 20:06:48 UTC 2018
#@# Cortical Parc rh Thu Jan 18 20:07:16 UTC 2018
#@# Make Pial Surf lh Thu Jan 18 20:07:41 UTC 2018
#@# Make Pial Surf rh Thu Jan 18 20:32:49 UTC 2018
#@# Surf Volume lh Thu Jan 18 20:55:57 UTC 2018
#@# Surf Volume rh Thu Jan 18 20:56:03 UTC 2018
#@# Cortical ribbon mask Thu Jan 18 20:56:09 UTC 2018
#@# Parcellation Stats lh Thu Jan 18 21:22:58 UTC 2018
#@# Parcellation Stats rh Thu Jan 18 21:25:21 UTC 2018
#@# Cortical Parc 2 lh Thu Jan 18 21:27:40 UTC 2018
#@# Cortical Parc 2 rh Thu Jan 18 21:28:13 UTC 2018
#@# Parcellation Stats 2 lh Thu Jan 18 21:28:45 UTC 2018
#@# Parcellation Stats 2 rh Thu Jan 18 21:29:59 UTC 2018
#@# Cortical Parc 3 lh Thu Jan 18 21:31:10 UTC 2018
#@# Cortical Parc 3 rh Thu Jan 18 21:31:35 UTC 2018
#@# Parcellation Stats 3 lh Thu Jan 18 21:32:01 UTC 2018
#@# Parcellation Stats 3 rh Thu Jan 18 21:33:15 UTC 2018
#@# WM/GM Contrast lh Thu Jan 18 21:34:24 UTC 2018
#@# WM/GM Contrast rh Thu Jan 18 21:34:35 UTC 2018
#@# Relabel Hypointensities Thu Jan 18 21:34:45 UTC 2018
#@# AParc-to-ASeg aparc Thu Jan 18 21:35:23 UTC 2018
#@# AParc-to-ASeg a2009s Thu Jan 18 21:43:14 UTC 2018
#@# AParc-to-ASeg DKTatlas Thu Jan 18 21:51:09 UTC 2018
#@# APas-to-ASeg Thu Jan 18 21:59:19 UTC 2018
#@# ASeg Stats Thu Jan 18 21:59:31 UTC 2018
#@# WMParc Thu Jan 18 22:07:43 UTC 2018
#@# BA_exvivo Labels lh Thu Jan 18 22:26:18 UTC 2018
#@# BA_exvivo Labels rh Thu Jan 18 22:34:52 UTC 2018
recon-all -s 4027 finished without error at Thu Jan 18 22:43:13 UTC 2018
