status file for recon-all
Fri Jan 12 03:15:37 UTC 2018
#@# MotionCor Fri Jan 12 03:15:42 UTC 2018
#@# Talairach Fri Jan 12 03:16:04 UTC 2018
#@# Talairach Failure Detection Fri Jan 12 03:20:40 UTC 2018
#@# Nu Intensity Correction Fri Jan 12 03:20:40 UTC 2018
#@# Intensity Normalization Fri Jan 12 03:25:42 UTC 2018
#@# Skull Stripping Fri Jan 12 03:30:37 UTC 2018
#@# EM Registration Fri Jan 12 04:05:46 UTC 2018
#@# CA Normalize Fri Jan 12 04:37:09 UTC 2018
#@# CA Reg Fri Jan 12 04:39:59 UTC 2018
#@# SubCort Seg Fri Jan 12 08:52:23 UTC 2018
#@# Merge ASeg Fri Jan 12 10:15:41 UTC 2018
#@# Intensity Normalization2 Fri Jan 12 10:15:41 UTC 2018
#@# Mask BFS Fri Jan 12 10:21:52 UTC 2018
#@# WM Segmentation Fri Jan 12 10:21:55 UTC 2018
#@# Fill Fri Jan 12 10:25:35 UTC 2018
#@# Tessellate lh Fri Jan 12 10:27:10 UTC 2018
#@# Tessellate rh Fri Jan 12 10:27:20 UTC 2018
#@# Smooth1 lh Fri Jan 12 10:27:29 UTC 2018
#@# Smooth1 rh Fri Jan 12 10:27:37 UTC 2018
#@# Inflation1 lh Fri Jan 12 10:27:45 UTC 2018
#@# Inflation1 rh Fri Jan 12 10:28:34 UTC 2018
#@# QSphere lh Fri Jan 12 10:29:24 UTC 2018
#@# QSphere rh Fri Jan 12 10:34:29 UTC 2018
#@# Fix Topology Copy lh Fri Jan 12 10:39:36 UTC 2018
#@# Fix Topology Copy rh Fri Jan 12 10:39:36 UTC 2018
#@# Fix Topology lh Fri Jan 12 10:39:37 UTC 2018
#@# Fix Topology rh Fri Jan 12 11:10:54 UTC 2018
#@# Make White Surf lh Fri Jan 12 12:10:53 UTC 2018
#@# Make White Surf rh Fri Jan 12 12:17:49 UTC 2018
#@# Smooth2 lh Fri Jan 12 12:24:59 UTC 2018
#@# Smooth2 rh Fri Jan 12 12:25:07 UTC 2018
#@# Inflation2 lh Fri Jan 12 12:25:15 UTC 2018
#@# Inflation2 rh Fri Jan 12 12:26:02 UTC 2018
#@# Curv .H and .K lh Fri Jan 12 12:26:51 UTC 2018
#@# Curv .H and .K rh Fri Jan 12 12:28:45 UTC 2018
#@# Curvature Stats lh Fri Jan 12 12:30:39 UTC 2018
#@# Curvature Stats rh Fri Jan 12 12:30:44 UTC 2018
#@# Sphere lh Fri Jan 12 12:30:50 UTC 2018
#@# Sphere rh Fri Jan 12 13:40:44 UTC 2018
#@# Surf Reg lh Fri Jan 12 14:42:40 UTC 2018
#@# Surf Reg rh Fri Jan 12 15:48:04 UTC 2018
#@# Jacobian white lh Fri Jan 12 17:03:08 UTC 2018
#@# Jacobian white rh Fri Jan 12 17:03:11 UTC 2018
#@# AvgCurv lh Fri Jan 12 17:03:14 UTC 2018
#@# AvgCurv rh Fri Jan 12 17:03:16 UTC 2018
#@# Cortical Parc lh Fri Jan 12 17:03:18 UTC 2018
#@# Cortical Parc rh Fri Jan 12 17:03:39 UTC 2018
#@# Make Pial Surf lh Fri Jan 12 17:04:00 UTC 2018
#@# Make Pial Surf rh Fri Jan 12 17:23:46 UTC 2018
#@# Surf Volume lh Fri Jan 12 17:44:35 UTC 2018
#@# Surf Volume rh Fri Jan 12 17:44:40 UTC 2018
#@# Cortical ribbon mask Fri Jan 12 17:44:44 UTC 2018
#@# Parcellation Stats lh Fri Jan 12 18:04:05 UTC 2018
#@# Parcellation Stats rh Fri Jan 12 18:06:37 UTC 2018
#@# Cortical Parc 2 lh Fri Jan 12 18:09:14 UTC 2018
#@# Cortical Parc 2 rh Fri Jan 12 18:09:49 UTC 2018
#@# Parcellation Stats 2 lh Fri Jan 12 18:10:29 UTC 2018
#@# Parcellation Stats 2 rh Fri Jan 12 18:11:47 UTC 2018
#@# Cortical Parc 3 lh Fri Jan 12 18:13:12 UTC 2018
#@# Cortical Parc 3 rh Fri Jan 12 18:13:42 UTC 2018
#@# Parcellation Stats 3 lh Fri Jan 12 18:14:13 UTC 2018
#@# Parcellation Stats 3 rh Fri Jan 12 18:15:27 UTC 2018
#@# WM/GM Contrast lh Fri Jan 12 18:16:52 UTC 2018
#@# WM/GM Contrast rh Fri Jan 12 18:17:05 UTC 2018
#@# Relabel Hypointensities Fri Jan 12 18:17:17 UTC 2018
#@# AParc-to-ASeg aparc Fri Jan 12 18:18:06 UTC 2018
#@# AParc-to-ASeg a2009s Fri Jan 12 18:29:28 UTC 2018
#@# AParc-to-ASeg DKTatlas Fri Jan 12 18:40:54 UTC 2018
#@# APas-to-ASeg Fri Jan 12 18:52:58 UTC 2018
#@# ASeg Stats Fri Jan 12 18:53:18 UTC 2018
#@# WMParc Fri Jan 12 19:05:28 UTC 2018
#@# BA_exvivo Labels lh Fri Jan 12 19:30:46 UTC 2018
#@# BA_exvivo Labels rh Fri Jan 12 19:40:50 UTC 2018
recon-all -s 3812 finished without error at Fri Jan 12 19:50:53 UTC 2018
